<?xml version="1.0" encoding="utf-8"?>
<CoverageSession xmlns:xsd="http://www.w3.org/2001/XMLSchema" xmlns:xsi="http://www.w3.org/2001/XMLSchema-instance">
  <Summary numSequencePoints="473" visitedSequencePoints="257" numBranchPoints="298" visitedBranchPoints="137" sequenceCoverage="54.33" branchCoverage="45.97" maxCyclomaticComplexity="21" minCyclomaticComplexity="1" visitedClasses="6" numClasses="18" visitedMethods="32" numMethods="130" />
  <Modules>
    <Module skippedDueTo="Filter" hash="95-6F-A7-D9-CA-57-AB-DE-E6-29-67-E1-17-75-0C-A6-6A-E1-81-1E">
      <ModulePath>C:\Windows\Microsoft.Net\assembly\GAC_64\mscorlib\v4.0_4.0.0.0__b77a5c561934e089\mscorlib.dll</ModulePath>
      <ModuleTime>2017-04-22T12:18:47.1355334Z</ModuleTime>
      <ModuleName>mscorlib</ModuleName>
      <Classes />
    </Module>
    <Module skippedDueTo="MissingPdb" hash="70-0A-8C-00-26-D7-8E-3A-41-3C-43-6D-01-3C-09-CC-C9-73-85-C0">
      <ModulePath>C:\Users\User\Documents\IEgit\EmailValidation\packages\NUnit.ConsoleRunner.3.6.1\tools\nunit3-console.exe</ModulePath>
      <ModuleTime>2017-05-02T18:25:18.9912846Z</ModuleTime>
      <ModuleName>nunit3-console</ModuleName>
      <Classes />
    </Module>
    <Module skippedDueTo="Filter" hash="E0-0D-0B-92-51-0B-55-4D-34-02-F9-80-55-BC-36-8F-16-FB-43-A9">
      <ModulePath>C:\Windows\Microsoft.Net\assembly\GAC_MSIL\System\v4.0_4.0.0.0__b77a5c561934e089\System.dll</ModulePath>
      <ModuleTime>2017-04-22T12:18:54.4052105Z</ModuleTime>
      <ModuleName>System</ModuleName>
      <Classes />
    </Module>
    <Module skippedDueTo="MissingPdb" hash="90-A5-CB-F1-B1-A1-C2-DE-2A-BF-0B-6F-28-E9-82-CA-41-44-09-3A">
      <ModulePath>C:\Users\User\Documents\IEgit\EmailValidation\packages\NUnit.ConsoleRunner.3.6.1\tools\nunit.engine.api.dll</ModulePath>
      <ModuleTime>2017-05-02T18:25:18.9237813Z</ModuleTime>
      <ModuleName>nunit.engine.api</ModuleName>
      <Classes />
    </Module>
    <Module skippedDueTo="MissingPdb" hash="96-DE-EF-3F-02-DC-0C-37-07-3E-B9-1D-D2-EF-F9-A2-D3-8E-11-00">
      <ModulePath>C:\Users\User\Documents\IEgit\EmailValidation\packages\NUnit.ConsoleRunner.3.6.1\tools\nunit.engine.dll</ModulePath>
      <ModuleTime>2017-05-02T18:25:18.948781Z</ModuleTime>
      <ModuleName>nunit.engine</ModuleName>
      <Classes />
    </Module>
    <Module skippedDueTo="MissingPdb" hash="96-DE-EF-3F-02-DC-0C-37-07-3E-B9-1D-D2-EF-F9-A2-D3-8E-11-00">
      <ModulePath>C:\Users\User\Documents\IEgit\EmailValidation\packages\NUnit.ConsoleRunner.3.6.1\tools\nunit.engine.dll</ModulePath>
      <ModuleTime>2017-05-02T18:25:18.948781Z</ModuleTime>
      <ModuleName>nunit.engine</ModuleName>
      <Classes />
    </Module>
    <Module skippedDueTo="Filter" hash="BC-5B-5D-6A-58-44-92-0A-2E-36-E3-6E-2C-9B-98-00-AD-15-22-E5">
      <ModulePath>C:\Windows\Microsoft.Net\assembly\GAC_MSIL\System.Xml\v4.0_4.0.0.0__b77a5c561934e089\System.Xml.dll</ModulePath>
      <ModuleTime>2017-04-22T12:18:54.4052105Z</ModuleTime>
      <ModuleName>System.Xml</ModuleName>
      <Classes />
    </Module>
    <Module skippedDueTo="Filter" hash="AF-35-2B-3A-E0-8A-EC-A6-7E-DB-3B-17-A4-30-75-D9-31-4D-9F-2B">
      <ModulePath>C:\Windows\Microsoft.Net\assembly\GAC_64\System.Web\v4.0_4.0.0.0__b03f5f7f11d50a3a\System.Web.dll</ModulePath>
      <ModuleTime>2017-04-22T12:18:41.8621308Z</ModuleTime>
      <ModuleName>System.Web</ModuleName>
      <Classes />
    </Module>
    <Module skippedDueTo="MissingPdb" hash="8A-2E-8F-D6-9D-39-02-4A-2F-30-FC-06-42-F7-0F-A8-32-69-07-72">
      <ModulePath>C:\Users\User\Documents\IEgit\EmailValidation\packages\NUnit.ConsoleRunner.3.6.1\tools\Mono.Cecil.dll</ModulePath>
      <ModuleTime>2017-05-02T18:25:18.9069191Z</ModuleTime>
      <ModuleName>Mono.Cecil</ModuleName>
      <Classes />
    </Module>
    <Module skippedDueTo="Filter" hash="58-7E-0C-8A-5F-09-F6-0F-15-50-1C-10-9F-E5-08-3A-E8-0A-D6-1B">
      <ModulePath>C:\Windows\Microsoft.Net\assembly\GAC_MSIL\System.Runtime.Remoting\v4.0_4.0.0.0__b77a5c561934e089\System.Runtime.Remoting.dll</ModulePath>
      <ModuleTime>2017-04-22T12:18:54.7484159Z</ModuleTime>
      <ModuleName>System.Runtime.Remoting</ModuleName>
      <Classes />
    </Module>
    <Module skippedDueTo="Filter" hash="58-B9-CA-42-36-B5-7C-2F-28-04-EF-71-75-4D-D7-DB-0B-9E-9A-C3">
      <ModulePath>C:\Windows\Microsoft.Net\assembly\GAC_MSIL\System.Configuration\v4.0_4.0.0.0__b03f5f7f11d50a3a\System.Configuration.dll</ModulePath>
      <ModuleTime>2017-04-22T12:18:55.746827Z</ModuleTime>
      <ModuleName>System.Configuration</ModuleName>
      <Classes />
    </Module>
    <Module skippedDueTo="Filter" hash="95-6F-A7-D9-CA-57-AB-DE-E6-29-67-E1-17-75-0C-A6-6A-E1-81-1E">
      <ModulePath>C:\Windows\Microsoft.Net\assembly\GAC_64\mscorlib\v4.0_4.0.0.0__b77a5c561934e089\mscorlib.dll</ModulePath>
      <ModuleTime>2017-04-22T12:18:47.1355334Z</ModuleTime>
      <ModuleName>mscorlib</ModuleName>
      <Classes />
    </Module>
    <Module skippedDueTo="MissingPdb" hash="75-5F-1A-C1-0E-E6-C9-A3-EC-A1-F0-6E-89-B4-98-86-0B-A8-B2-AD">
      <ModulePath>C:\Users\User\Documents\IEgit\EmailValidation\packages\NUnit.ConsoleRunner.3.6.1\tools\nunit-agent.exe</ModulePath>
      <ModuleTime>2017-05-02T18:25:18.9162792Z</ModuleTime>
      <ModuleName>nunit-agent</ModuleName>
      <Classes />
    </Module>
    <Module skippedDueTo="MissingPdb" hash="96-DE-EF-3F-02-DC-0C-37-07-3E-B9-1D-D2-EF-F9-A2-D3-8E-11-00">
      <ModulePath>C:\Users\User\Documents\IEgit\EmailValidation\packages\NUnit.ConsoleRunner.3.6.1\tools\nunit.engine.dll</ModulePath>
      <ModuleTime>2017-05-02T18:25:18.948781Z</ModuleTime>
      <ModuleName>nunit.engine</ModuleName>
      <Classes />
    </Module>
    <Module skippedDueTo="MissingPdb" hash="90-A5-CB-F1-B1-A1-C2-DE-2A-BF-0B-6F-28-E9-82-CA-41-44-09-3A">
      <ModulePath>C:\Users\User\Documents\IEgit\EmailValidation\packages\NUnit.ConsoleRunner.3.6.1\tools\nunit.engine.api.dll</ModulePath>
      <ModuleTime>2017-05-02T18:25:18.9237813Z</ModuleTime>
      <ModuleName>nunit.engine.api</ModuleName>
      <Classes />
    </Module>
    <Module skippedDueTo="Filter" hash="E0-0D-0B-92-51-0B-55-4D-34-02-F9-80-55-BC-36-8F-16-FB-43-A9">
      <ModulePath>C:\Windows\Microsoft.Net\assembly\GAC_MSIL\System\v4.0_4.0.0.0__b77a5c561934e089\System.dll</ModulePath>
      <ModuleTime>2017-04-22T12:18:54.4052105Z</ModuleTime>
      <ModuleName>System</ModuleName>
      <Classes />
    </Module>
    <Module skippedDueTo="Filter" hash="58-7E-0C-8A-5F-09-F6-0F-15-50-1C-10-9F-E5-08-3A-E8-0A-D6-1B">
      <ModulePath>C:\Windows\Microsoft.Net\assembly\GAC_MSIL\System.Runtime.Remoting\v4.0_4.0.0.0__b77a5c561934e089\System.Runtime.Remoting.dll</ModulePath>
      <ModuleTime>2017-04-22T12:18:54.7484159Z</ModuleTime>
      <ModuleName>System.Runtime.Remoting</ModuleName>
      <Classes />
    </Module>
    <Module skippedDueTo="Filter" hash="BC-5B-5D-6A-58-44-92-0A-2E-36-E3-6E-2C-9B-98-00-AD-15-22-E5">
      <ModulePath>C:\Windows\Microsoft.Net\assembly\GAC_MSIL\System.Xml\v4.0_4.0.0.0__b77a5c561934e089\System.Xml.dll</ModulePath>
      <ModuleTime>2017-04-22T12:18:54.4052105Z</ModuleTime>
      <ModuleName>System.Xml</ModuleName>
      <Classes />
    </Module>
    <Module skippedDueTo="Filter" hash="AF-35-2B-3A-E0-8A-EC-A6-7E-DB-3B-17-A4-30-75-D9-31-4D-9F-2B">
      <ModulePath>C:\Windows\Microsoft.Net\assembly\GAC_64\System.Web\v4.0_4.0.0.0__b03f5f7f11d50a3a\System.Web.dll</ModulePath>
      <ModuleTime>2017-04-22T12:18:41.8621308Z</ModuleTime>
      <ModuleName>System.Web</ModuleName>
      <Classes />
    </Module>
    <Module skippedDueTo="MissingPdb" hash="8A-2E-8F-D6-9D-39-02-4A-2F-30-FC-06-42-F7-0F-A8-32-69-07-72">
      <ModulePath>C:\Users\User\Documents\IEgit\EmailValidation\packages\NUnit.ConsoleRunner.3.6.1\tools\Mono.Cecil.dll</ModulePath>
      <ModuleTime>2017-05-02T18:25:18.9069191Z</ModuleTime>
      <ModuleName>Mono.Cecil</ModuleName>
      <Classes />
    </Module>
    <Module skippedDueTo="Filter" hash="58-B9-CA-42-36-B5-7C-2F-28-04-EF-71-75-4D-D7-DB-0B-9E-9A-C3">
      <ModulePath>C:\Windows\Microsoft.Net\assembly\GAC_MSIL\System.Configuration\v4.0_4.0.0.0__b03f5f7f11d50a3a\System.Configuration.dll</ModulePath>
      <ModuleTime>2017-04-22T12:18:55.746827Z</ModuleTime>
      <ModuleName>System.Configuration</ModuleName>
      <Classes />
    </Module>
    <Module skippedDueTo="MissingPdb" hash="B4-37-03-EA-FD-66-66-41-EA-7A-F4-42-7C-31-9A-49-2C-30-43-50">
      <ModulePath>C:\Users\User\Documents\IEgit\EmailValidation\packages\NUnit.Extension.NUnitV2Driver.3.6.0\tools\nunit.v2.driver.dll</ModulePath>
      <ModuleTime>2017-05-02T18:25:18.9762837Z</ModuleTime>
      <ModuleName>nunit.v2.driver</ModuleName>
      <Classes />
    </Module>
    <Module skippedDueTo="MissingPdb" hash="0F-CD-7F-5B-BB-DA-BC-C1-3E-53-4E-65-C3-89-48-B4-96-F7-B4-E5">
      <ModulePath>C:\Users\User\Documents\IEgit\EmailValidation\packages\NUnit.Extension.NUnitV2Driver.3.6.0\tools\nunit.core.dll</ModulePath>
      <ModuleTime>2017-05-02T18:25:18.9437816Z</ModuleTime>
      <ModuleName>nunit.core</ModuleName>
      <Classes />
    </Module>
    <Module skippedDueTo="MissingPdb" hash="0F-CD-7F-5B-BB-DA-BC-C1-3E-53-4E-65-C3-89-48-B4-96-F7-B4-E5">
      <ModulePath>C:\Users\User\Documents\IEgit\EmailValidation\packages\NUnit.Extension.NUnitV2Driver.3.6.0\tools\nunit.core.dll</ModulePath>
      <ModuleTime>2017-05-02T18:25:18.9437816Z</ModuleTime>
      <ModuleName>nunit.core</ModuleName>
      <Classes />
    </Module>
    <Module skippedDueTo="Filter" hash="E0-0D-0B-92-51-0B-55-4D-34-02-F9-80-55-BC-36-8F-16-FB-43-A9">
      <ModulePath>C:\Windows\Microsoft.Net\assembly\GAC_MSIL\System\v4.0_4.0.0.0__b77a5c561934e089\System.dll</ModulePath>
      <ModuleTime>2017-04-22T12:18:54.4052105Z</ModuleTime>
      <ModuleName>System</ModuleName>
      <Classes />
    </Module>
    <Module skippedDueTo="MissingPdb" hash="81-B0-11-09-2F-7B-2A-93-A1-2E-D1-21-1B-5B-C4-B5-74-D2-62-48">
      <ModulePath>C:\Users\User\Documents\IEgit\EmailValidation\packages\NUnit.Extension.NUnitV2Driver.3.6.0\tools\nunit.core.interfaces.dll</ModulePath>
      <ModuleTime>2017-05-02T18:25:18.9562826Z</ModuleTime>
      <ModuleName>nunit.core.interfaces</ModuleName>
      <Classes />
    </Module>
    <Module skippedDueTo="MissingPdb" hash="81-B0-11-09-2F-7B-2A-93-A1-2E-D1-21-1B-5B-C4-B5-74-D2-62-48">
      <ModulePath>C:\Users\User\Documents\IEgit\EmailValidation\packages\NUnit.Extension.NUnitV2Driver.3.6.0\tools\nunit.core.interfaces.dll</ModulePath>
      <ModuleTime>2017-05-02T18:25:18.9562826Z</ModuleTime>
      <ModuleName>nunit.core.interfaces</ModuleName>
      <Classes />
    </Module>
    <Module hash="3F-FF-61-7F-8C-11-77-35-80-34-75-6A-CF-E2-C0-6F-73-52-B9-98">
      <Summary numSequencePoints="67" visitedSequencePoints="67" numBranchPoints="20" visitedBranchPoints="20" sequenceCoverage="100" branchCoverage="100" maxCyclomaticComplexity="2" minCyclomaticComplexity="1" visitedClasses="4" numClasses="4" visitedMethods="14" numMethods="14" />
      <ModulePath>C:\Users\User\Documents\IEgit\EmailValidation\UnitTests\bin\Debug\UnitTests.dll</ModulePath>
      <ModuleTime>2017-05-02T18:25:27.3583053Z</ModuleTime>
      <ModuleName>UnitTests</ModuleName>
      <Files>
        <File uid="1" fullPath="C:\Users\User\Documents\IEgit\EmailValidation\UnitTests\Test.cs" />
      </Files>
      <Classes>
        <Class>
          <Summary numSequencePoints="0" visitedSequencePoints="0" numBranchPoints="0" visitedBranchPoints="0" sequenceCoverage="0" branchCoverage="0" maxCyclomaticComplexity="0" minCyclomaticComplexity="0" visitedClasses="0" numClasses="0" visitedMethods="0" numMethods="0" />
          <FullName>&lt;Module&gt;</FullName>
          <Methods />
        </Class>
        <Class>
          <Summary numSequencePoints="62" visitedSequencePoints="62" numBranchPoints="15" visitedBranchPoints="15" sequenceCoverage="100" branchCoverage="100" maxCyclomaticComplexity="2" minCyclomaticComplexity="1" visitedClasses="1" numClasses="1" visitedMethods="9" numMethods="9" />
          <FullName>UnitTests.Test</FullName>
          <Methods>
            <Method visited="true" cyclomaticComplexity="2" nPathComplexity="2" sequenceCoverage="100" branchCoverage="100" isConstructor="false" isStatic="false" isGetter="false" isSetter="false">
              <Summary numSequencePoints="6" visitedSequencePoints="6" numBranchPoints="3" visitedBranchPoints="3" sequenceCoverage="100" branchCoverage="100" maxCyclomaticComplexity="2" minCyclomaticComplexity="2" visitedClasses="0" numClasses="0" visitedMethods="1" numMethods="1" />
              <MetadataToken>100663297</MetadataToken>
              <Name>System.Void UnitTests.Test::TestValidAddresses()</Name>
              <FileRef uid="1" />
              <SequencePoints>
                <SequencePoint vc="1" uspid="1" ordinal="0" offset="0" sl="154" sc="3" el="154" ec="4" bec="0" bev="0" fileid="1" />
                <SequencePoint vc="1" uspid="2" ordinal="1" offset="1" sl="155" sc="9" el="155" ec="18" bec="0" bev="0" fileid="1" />
                <SequencePoint vc="54" uspid="3" ordinal="2" offset="5" sl="156" sc="5" el="156" ec="120" bec="0" bev="0" fileid="1" />
                <SequencePoint vc="54" uspid="4" ordinal="3" offset="54" sl="155" sc="47" el="155" ec="50" bec="0" bev="0" fileid="1" />
                <SequencePoint vc="55" uspid="5" ordinal="4" offset="58" sl="155" sc="20" el="155" ec="45" bec="2" bev="2" fileid="1" />
                <SequencePoint vc="1" uspid="6" ordinal="5" offset="72" sl="157" sc="3" el="157" ec="4" bec="0" bev="0" fileid="1" />
              </SequencePoints>
              <BranchPoints>
                <BranchPoint vc="1" uspid="7" ordinal="0" offset="70" sl="155" path="0" offsetend="72" fileid="1" />
                <BranchPoint vc="54" uspid="8" ordinal="1" offset="70" sl="155" path="1" offsetend="5" fileid="1" />
              </BranchPoints>
              <MethodPoint xsi:type="SequencePoint" vc="1" uspid="1" ordinal="0" offset="0" sl="154" sc="3" el="154" ec="4" bec="0" bev="0" fileid="1" />
            </Method>
            <Method visited="true" cyclomaticComplexity="2" nPathComplexity="2" sequenceCoverage="100" branchCoverage="100" isConstructor="false" isStatic="false" isGetter="false" isSetter="false">
              <Summary numSequencePoints="6" visitedSequencePoints="6" numBranchPoints="3" visitedBranchPoints="3" sequenceCoverage="100" branchCoverage="100" maxCyclomaticComplexity="2" minCyclomaticComplexity="2" visitedClasses="0" numClasses="0" visitedMethods="1" numMethods="1" />
              <MetadataToken>100663298</MetadataToken>
              <Name>System.Void UnitTests.Test::TestInvalidAddresses()</Name>
              <FileRef uid="1" />
              <SequencePoints>
                <SequencePoint vc="1" uspid="9" ordinal="0" offset="0" sl="161" sc="3" el="161" ec="4" bec="0" bev="0" fileid="1" />
                <SequencePoint vc="1" uspid="10" ordinal="1" offset="1" sl="162" sc="9" el="162" ec="18" bec="0" bev="0" fileid="1" />
                <SequencePoint vc="35" uspid="11" ordinal="2" offset="5" sl="163" sc="5" el="163" ec="127" bec="0" bev="0" fileid="1" />
                <SequencePoint vc="35" uspid="12" ordinal="3" offset="54" sl="162" sc="49" el="162" ec="52" bec="0" bev="0" fileid="1" />
                <SequencePoint vc="36" uspid="13" ordinal="4" offset="58" sl="162" sc="20" el="162" ec="47" bec="2" bev="2" fileid="1" />
                <SequencePoint vc="1" uspid="14" ordinal="5" offset="72" sl="164" sc="3" el="164" ec="4" bec="0" bev="0" fileid="1" />
              </SequencePoints>
              <BranchPoints>
                <BranchPoint vc="1" uspid="15" ordinal="0" offset="70" sl="162" path="0" offsetend="72" fileid="1" />
                <BranchPoint vc="35" uspid="16" ordinal="1" offset="70" sl="162" path="1" offsetend="5" fileid="1" />
              </BranchPoints>
              <MethodPoint xsi:type="SequencePoint" vc="1" uspid="9" ordinal="0" offset="0" sl="161" sc="3" el="161" ec="4" bec="0" bev="0" fileid="1" />
            </Method>
            <Method visited="true" cyclomaticComplexity="2" nPathComplexity="2" sequenceCoverage="100" branchCoverage="100" isConstructor="false" isStatic="false" isGetter="false" isSetter="false">
              <Summary numSequencePoints="6" visitedSequencePoints="6" numBranchPoints="3" visitedBranchPoints="3" sequenceCoverage="100" branchCoverage="100" maxCyclomaticComplexity="2" minCyclomaticComplexity="2" visitedClasses="0" numClasses="0" visitedMethods="1" numMethods="1" />
              <MetadataToken>100663299</MetadataToken>
              <Name>System.Void UnitTests.Test::TestValidInternationalAddresses()</Name>
              <FileRef uid="1" />
              <SequencePoints>
                <SequencePoint vc="1" uspid="17" ordinal="0" offset="0" sl="168" sc="3" el="168" ec="4" bec="0" bev="0" fileid="1" />
                <SequencePoint vc="1" uspid="18" ordinal="1" offset="1" sl="169" sc="9" el="169" ec="18" bec="0" bev="0" fileid="1" />
                <SequencePoint vc="4" uspid="19" ordinal="2" offset="5" sl="170" sc="5" el="170" ec="129" bec="0" bev="0" fileid="1" />
                <SequencePoint vc="4" uspid="20" ordinal="3" offset="45" sl="169" sc="60" el="169" ec="63" bec="0" bev="0" fileid="1" />
                <SequencePoint vc="5" uspid="21" ordinal="4" offset="49" sl="169" sc="20" el="169" ec="58" bec="2" bev="2" fileid="1" />
                <SequencePoint vc="1" uspid="22" ordinal="5" offset="63" sl="171" sc="3" el="171" ec="4" bec="0" bev="0" fileid="1" />
              </SequencePoints>
              <BranchPoints>
                <BranchPoint vc="1" uspid="23" ordinal="0" offset="61" sl="169" path="0" offsetend="63" fileid="1" />
                <BranchPoint vc="4" uspid="24" ordinal="1" offset="61" sl="169" path="1" offsetend="5" fileid="1" />
              </BranchPoints>
              <MethodPoint xsi:type="SequencePoint" vc="1" uspid="17" ordinal="0" offset="0" sl="168" sc="3" el="168" ec="4" bec="0" bev="0" fileid="1" />
            </Method>
            <Method visited="true" cyclomaticComplexity="2" nPathComplexity="0" sequenceCoverage="100" branchCoverage="100" isConstructor="false" isStatic="false" isGetter="false" isSetter="false">
              <Summary numSequencePoints="3" visitedSequencePoints="3" numBranchPoints="1" visitedBranchPoints="1" sequenceCoverage="100" branchCoverage="100" maxCyclomaticComplexity="2" minCyclomaticComplexity="2" visitedClasses="0" numClasses="0" visitedMethods="1" numMethods="1" />
              <MetadataToken>100663300</MetadataToken>
              <Name>System.Void UnitTests.Test::TestThrowsExceptionIfNull()</Name>
              <FileRef uid="1" />
              <SequencePoints>
                <SequencePoint vc="1" uspid="25" ordinal="0" offset="0" sl="175" sc="3" el="175" ec="4" bec="0" bev="0" fileid="1" />
                <SequencePoint vc="1" uspid="26" ordinal="1" offset="1" sl="176" sc="4" el="176" ec="108" bec="0" bev="0" fileid="1" />
                <SequencePoint vc="1" uspid="27" ordinal="2" offset="43" sl="177" sc="3" el="177" ec="4" bec="0" bev="0" fileid="1" />
              </SequencePoints>
              <BranchPoints />
              <MethodPoint xsi:type="SequencePoint" vc="1" uspid="25" ordinal="0" offset="0" sl="175" sc="3" el="175" ec="4" bec="0" bev="0" fileid="1" />
            </Method>
            <Method visited="true" cyclomaticComplexity="2" nPathComplexity="0" sequenceCoverage="100" branchCoverage="100" isConstructor="false" isStatic="false" isGetter="false" isSetter="false">
              <Summary numSequencePoints="11" visitedSequencePoints="11" numBranchPoints="1" visitedBranchPoints="1" sequenceCoverage="100" branchCoverage="100" maxCyclomaticComplexity="2" minCyclomaticComplexity="2" visitedClasses="0" numClasses="0" visitedMethods="1" numMethods="1" />
              <MetadataToken>100663301</MetadataToken>
              <Name>System.Void UnitTests.Test::TestValidationAttributeValidAddresses()</Name>
              <FileRef uid="1" />
              <SequencePoints>
                <SequencePoint vc="1" uspid="30" ordinal="0" offset="0" sl="181" sc="3" el="181" ec="4" bec="0" bev="0" fileid="1" />
                <SequencePoint vc="1" uspid="31" ordinal="1" offset="1" sl="182" sc="4" el="182" ec="64" bec="0" bev="0" fileid="1" />
                <SequencePoint vc="1" uspid="32" ordinal="2" offset="7" sl="184" sc="4" el="184" ec="11" bec="0" bev="0" fileid="1" />
                <SequencePoint vc="1" uspid="33" ordinal="3" offset="8" sl="184" sc="26" el="184" ec="40" bec="0" bev="0" fileid="1" />
                <SequencePoint vc="54" uspid="34" ordinal="4" offset="18" sl="184" sc="13" el="184" ec="22" bec="0" bev="0" fileid="1" />
                <SequencePoint vc="54" uspid="35" ordinal="5" offset="22" sl="184" sc="42" el="184" ec="43" bec="0" bev="0" fileid="1" />
                <SequencePoint vc="54" uspid="36" ordinal="6" offset="23" sl="185" sc="5" el="185" ec="26" bec="0" bev="0" fileid="1" />
                <SequencePoint vc="54" uspid="37" ordinal="7" offset="31" sl="187" sc="5" el="187" ec="77" bec="0" bev="0" fileid="1" />
                <SequencePoint vc="54" uspid="38" ordinal="8" offset="59" sl="188" sc="4" el="188" ec="5" bec="0" bev="0" fileid="1" />
                <SequencePoint vc="55" uspid="39" ordinal="9" offset="64" sl="184" sc="23" el="184" ec="25" bec="0" bev="0" fileid="1" />
                <SequencePoint vc="1" uspid="40" ordinal="10" offset="70" sl="189" sc="3" el="189" ec="4" bec="0" bev="0" fileid="1" />
              </SequencePoints>
              <BranchPoints />
              <MethodPoint xsi:type="SequencePoint" vc="1" uspid="30" ordinal="0" offset="0" sl="181" sc="3" el="181" ec="4" bec="0" bev="0" fileid="1" />
            </Method>
            <Method visited="true" cyclomaticComplexity="2" nPathComplexity="0" sequenceCoverage="100" branchCoverage="100" isConstructor="false" isStatic="false" isGetter="false" isSetter="false">
              <Summary numSequencePoints="11" visitedSequencePoints="11" numBranchPoints="1" visitedBranchPoints="1" sequenceCoverage="100" branchCoverage="100" maxCyclomaticComplexity="2" minCyclomaticComplexity="2" visitedClasses="0" numClasses="0" visitedMethods="1" numMethods="1" />
              <MetadataToken>100663302</MetadataToken>
              <Name>System.Void UnitTests.Test::TestValidationAttributeInvalidAddresses()</Name>
              <FileRef uid="1" />
              <SequencePoints>
                <SequencePoint vc="1" uspid="43" ordinal="0" offset="0" sl="193" sc="3" el="193" ec="4" bec="0" bev="0" fileid="1" />
                <SequencePoint vc="1" uspid="44" ordinal="1" offset="1" sl="194" sc="4" el="194" ec="64" bec="0" bev="0" fileid="1" />
                <SequencePoint vc="1" uspid="45" ordinal="2" offset="7" sl="196" sc="4" el="196" ec="11" bec="0" bev="0" fileid="1" />
                <SequencePoint vc="1" uspid="46" ordinal="3" offset="8" sl="196" sc="26" el="196" ec="42" bec="0" bev="0" fileid="1" />
                <SequencePoint vc="35" uspid="47" ordinal="4" offset="18" sl="196" sc="13" el="196" ec="22" bec="0" bev="0" fileid="1" />
                <SequencePoint vc="35" uspid="48" ordinal="5" offset="22" sl="196" sc="44" el="196" ec="45" bec="0" bev="0" fileid="1" />
                <SequencePoint vc="35" uspid="49" ordinal="6" offset="23" sl="197" sc="5" el="197" ec="26" bec="0" bev="0" fileid="1" />
                <SequencePoint vc="35" uspid="50" ordinal="7" offset="31" sl="199" sc="5" el="199" ec="80" bec="0" bev="0" fileid="1" />
                <SequencePoint vc="35" uspid="51" ordinal="8" offset="59" sl="200" sc="4" el="200" ec="5" bec="0" bev="0" fileid="1" />
                <SequencePoint vc="36" uspid="52" ordinal="9" offset="64" sl="196" sc="23" el="196" ec="25" bec="0" bev="0" fileid="1" />
                <SequencePoint vc="1" uspid="53" ordinal="10" offset="70" sl="201" sc="3" el="201" ec="4" bec="0" bev="0" fileid="1" />
              </SequencePoints>
              <BranchPoints />
              <MethodPoint xsi:type="SequencePoint" vc="1" uspid="43" ordinal="0" offset="0" sl="193" sc="3" el="193" ec="4" bec="0" bev="0" fileid="1" />
            </Method>
            <Method visited="true" cyclomaticComplexity="2" nPathComplexity="0" sequenceCoverage="100" branchCoverage="100" isConstructor="false" isStatic="false" isGetter="false" isSetter="false">
              <Summary numSequencePoints="11" visitedSequencePoints="11" numBranchPoints="1" visitedBranchPoints="1" sequenceCoverage="100" branchCoverage="100" maxCyclomaticComplexity="2" minCyclomaticComplexity="2" visitedClasses="0" numClasses="0" visitedMethods="1" numMethods="1" />
              <MetadataToken>100663303</MetadataToken>
              <Name>System.Void UnitTests.Test::TestValidationAttributeValidInternationalAddresses()</Name>
              <FileRef uid="1" />
              <SequencePoints>
                <SequencePoint vc="1" uspid="56" ordinal="0" offset="0" sl="205" sc="3" el="205" ec="4" bec="0" bev="0" fileid="1" />
                <SequencePoint vc="1" uspid="57" ordinal="1" offset="1" sl="206" sc="4" el="206" ec="59" bec="0" bev="0" fileid="1" />
                <SequencePoint vc="1" uspid="58" ordinal="2" offset="7" sl="208" sc="4" el="208" ec="11" bec="0" bev="0" fileid="1" />
                <SequencePoint vc="1" uspid="59" ordinal="3" offset="8" sl="208" sc="26" el="208" ec="53" bec="0" bev="0" fileid="1" />
                <SequencePoint vc="4" uspid="60" ordinal="4" offset="18" sl="208" sc="13" el="208" ec="22" bec="0" bev="0" fileid="1" />
                <SequencePoint vc="4" uspid="61" ordinal="5" offset="22" sl="208" sc="55" el="208" ec="56" bec="0" bev="0" fileid="1" />
                <SequencePoint vc="4" uspid="62" ordinal="6" offset="23" sl="209" sc="5" el="209" ec="26" bec="0" bev="0" fileid="1" />
                <SequencePoint vc="4" uspid="63" ordinal="7" offset="31" sl="211" sc="5" el="211" ec="91" bec="0" bev="0" fileid="1" />
                <SequencePoint vc="4" uspid="64" ordinal="8" offset="59" sl="212" sc="4" el="212" ec="5" bec="0" bev="0" fileid="1" />
                <SequencePoint vc="5" uspid="65" ordinal="9" offset="64" sl="208" sc="23" el="208" ec="25" bec="0" bev="0" fileid="1" />
                <SequencePoint vc="1" uspid="66" ordinal="10" offset="70" sl="213" sc="3" el="213" ec="4" bec="0" bev="0" fileid="1" />
              </SequencePoints>
              <BranchPoints />
              <MethodPoint xsi:type="SequencePoint" vc="1" uspid="56" ordinal="0" offset="0" sl="205" sc="3" el="205" ec="4" bec="0" bev="0" fileid="1" />
            </Method>
            <Method visited="true" cyclomaticComplexity="1" nPathComplexity="0" sequenceCoverage="100" branchCoverage="100" isConstructor="false" isStatic="false" isGetter="false" isSetter="false">
              <Summary numSequencePoints="5" visitedSequencePoints="5" numBranchPoints="1" visitedBranchPoints="1" sequenceCoverage="100" branchCoverage="100" maxCyclomaticComplexity="1" minCyclomaticComplexity="1" visitedClasses="0" numClasses="0" visitedMethods="1" numMethods="1" />
              <MetadataToken>100663304</MetadataToken>
              <Name>System.Boolean UnitTests.Test::AreAttributesValid(System.Object)</Name>
              <FileRef uid="1" />
              <SequencePoints>
                <SequencePoint vc="93" uspid="69" ordinal="0" offset="0" sl="216" sc="3" el="216" ec="4" bec="0" bev="0" fileid="1" />
                <SequencePoint vc="93" uspid="70" ordinal="1" offset="1" sl="217" sc="4" el="217" ec="61" bec="0" bev="0" fileid="1" />
                <SequencePoint vc="93" uspid="71" ordinal="2" offset="10" sl="218" sc="4" el="218" ec="48" bec="0" bev="0" fileid="1" />
                <SequencePoint vc="93" uspid="72" ordinal="3" offset="16" sl="220" sc="4" el="220" ec="72" bec="0" bev="0" fileid="1" />
                <SequencePoint vc="93" uspid="73" ordinal="4" offset="28" sl="221" sc="3" el="221" ec="4" bec="0" bev="0" fileid="1" />
              </SequencePoints>
              <BranchPoints />
              <MethodPoint xsi:type="SequencePoint" vc="93" uspid="69" ordinal="0" offset="0" sl="216" sc="3" el="216" ec="4" bec="0" bev="0" fileid="1" />
            </Method>
            <Method visited="true" cyclomaticComplexity="1" nPathComplexity="0" sequenceCoverage="0" branchCoverage="0" isConstructor="true" isStatic="false" isGetter="false" isSetter="false">
              <Summary numSequencePoints="0" visitedSequencePoints="0" numBranchPoints="0" visitedBranchPoints="0" sequenceCoverage="0" branchCoverage="0" maxCyclomaticComplexity="1" minCyclomaticComplexity="1" visitedClasses="0" numClasses="0" visitedMethods="0" numMethods="0" />
              <MetadataToken>100663305</MetadataToken>
              <Name>System.Void UnitTests.Test::.ctor()</Name>
              <SequencePoints />
              <BranchPoints />
              <MethodPoint vc="1" uspid="74" ordinal="0" offset="0" />
            </Method>
            <Method visited="true" cyclomaticComplexity="1" nPathComplexity="0" sequenceCoverage="100" branchCoverage="100" isConstructor="true" isStatic="true" isGetter="false" isSetter="false">
              <Summary numSequencePoints="3" visitedSequencePoints="3" numBranchPoints="1" visitedBranchPoints="1" sequenceCoverage="100" branchCoverage="100" maxCyclomaticComplexity="1" minCyclomaticComplexity="1" visitedClasses="0" numClasses="0" visitedMethods="1" numMethods="1" />
              <MetadataToken>100663306</MetadataToken>
              <Name>System.Void UnitTests.Test::.cctor()</Name>
              <FileRef uid="1" />
              <SequencePoints>
                <SequencePoint vc="1" uspid="75" ordinal="0" offset="0" sl="37" sc="3" el="96" ec="5" bec="0" bev="0" fileid="1" />
                <SequencePoint vc="1" uspid="76" ordinal="1" offset="489" sl="98" sc="3" el="143" ec="5" bec="0" bev="0" fileid="1" />
                <SequencePoint vc="1" uspid="77" ordinal="2" offset="807" sl="145" sc="3" el="150" ec="5" bec="0" bev="0" fileid="1" />
              </SequencePoints>
              <BranchPoints />
              <MethodPoint xsi:type="SequencePoint" vc="1" uspid="75" ordinal="0" offset="0" sl="37" sc="3" el="96" ec="5" bec="0" bev="0" fileid="1" />
            </Method>
          </Methods>
        </Class>
        <Class>
          <Summary numSequencePoints="2" visitedSequencePoints="2" numBranchPoints="2" visitedBranchPoints="2" sequenceCoverage="100" branchCoverage="100" maxCyclomaticComplexity="1" minCyclomaticComplexity="1" visitedClasses="1" numClasses="1" visitedMethods="2" numMethods="2" />
          <FullName>UnitTests.Test/EmailValidationTarget</FullName>
          <Methods>
            <Method visited="true" cyclomaticComplexity="1" nPathComplexity="0" sequenceCoverage="100" branchCoverage="100" isConstructor="false" isStatic="false" isGetter="true" isSetter="false">
              <Summary numSequencePoints="1" visitedSequencePoints="1" numBranchPoints="1" visitedBranchPoints="1" sequenceCoverage="100" branchCoverage="100" maxCyclomaticComplexity="1" minCyclomaticComplexity="1" visitedClasses="0" numClasses="0" visitedMethods="1" numMethods="1" />
              <MetadataToken>100663307</MetadataToken>
              <Name>System.String UnitTests.Test/EmailValidationTarget::get_Email()</Name>
              <FileRef uid="1" />
              <SequencePoints>
                <SequencePoint vc="89" uspid="78" ordinal="0" offset="0" sl="226" sc="26" el="226" ec="30" bec="0" bev="0" fileid="1" />
              </SequencePoints>
              <BranchPoints />
              <MethodPoint xsi:type="SequencePoint" vc="89" uspid="78" ordinal="0" offset="0" sl="226" sc="26" el="226" ec="30" bec="0" bev="0" fileid="1" />
            </Method>
            <Method visited="true" cyclomaticComplexity="1" nPathComplexity="0" sequenceCoverage="100" branchCoverage="100" isConstructor="false" isStatic="false" isGetter="false" isSetter="true">
              <Summary numSequencePoints="1" visitedSequencePoints="1" numBranchPoints="1" visitedBranchPoints="1" sequenceCoverage="100" branchCoverage="100" maxCyclomaticComplexity="1" minCyclomaticComplexity="1" visitedClasses="0" numClasses="0" visitedMethods="1" numMethods="1" />
              <MetadataToken>100663308</MetadataToken>
              <Name>System.Void UnitTests.Test/EmailValidationTarget::set_Email(System.String)</Name>
              <FileRef uid="1" />
              <SequencePoints>
                <SequencePoint vc="89" uspid="79" ordinal="0" offset="0" sl="226" sc="31" el="226" ec="35" bec="0" bev="0" fileid="1" />
              </SequencePoints>
              <BranchPoints />
              <MethodPoint xsi:type="SequencePoint" vc="89" uspid="79" ordinal="0" offset="0" sl="226" sc="31" el="226" ec="35" bec="0" bev="0" fileid="1" />
            </Method>
            <Method visited="true" cyclomaticComplexity="1" nPathComplexity="0" sequenceCoverage="0" branchCoverage="0" isConstructor="true" isStatic="false" isGetter="false" isSetter="false">
              <Summary numSequencePoints="0" visitedSequencePoints="0" numBranchPoints="0" visitedBranchPoints="0" sequenceCoverage="0" branchCoverage="0" maxCyclomaticComplexity="1" minCyclomaticComplexity="1" visitedClasses="0" numClasses="0" visitedMethods="0" numMethods="0" />
              <MetadataToken>100663309</MetadataToken>
              <Name>System.Void UnitTests.Test/EmailValidationTarget::.ctor()</Name>
              <SequencePoints />
              <BranchPoints />
              <MethodPoint vc="2" uspid="80" ordinal="0" offset="0" />
            </Method>
          </Methods>
        </Class>
        <Class>
          <Summary numSequencePoints="2" visitedSequencePoints="2" numBranchPoints="2" visitedBranchPoints="2" sequenceCoverage="100" branchCoverage="100" maxCyclomaticComplexity="1" minCyclomaticComplexity="1" visitedClasses="1" numClasses="1" visitedMethods="2" numMethods="2" />
          <FullName>UnitTests.Test/InternationalEmailValidationTarget</FullName>
          <Methods>
            <Method visited="true" cyclomaticComplexity="1" nPathComplexity="0" sequenceCoverage="100" branchCoverage="100" isConstructor="false" isStatic="false" isGetter="true" isSetter="false">
              <Summary numSequencePoints="1" visitedSequencePoints="1" numBranchPoints="1" visitedBranchPoints="1" sequenceCoverage="100" branchCoverage="100" maxCyclomaticComplexity="1" minCyclomaticComplexity="1" visitedClasses="0" numClasses="0" visitedMethods="1" numMethods="1" />
              <MetadataToken>100663310</MetadataToken>
              <Name>System.String UnitTests.Test/InternationalEmailValidationTarget::get_Email()</Name>
              <FileRef uid="1" />
              <SequencePoints>
                <SequencePoint vc="4" uspid="81" ordinal="0" offset="0" sl="232" sc="26" el="232" ec="30" bec="0" bev="0" fileid="1" />
              </SequencePoints>
              <BranchPoints />
              <MethodPoint xsi:type="SequencePoint" vc="4" uspid="81" ordinal="0" offset="0" sl="232" sc="26" el="232" ec="30" bec="0" bev="0" fileid="1" />
            </Method>
            <Method visited="true" cyclomaticComplexity="1" nPathComplexity="0" sequenceCoverage="100" branchCoverage="100" isConstructor="false" isStatic="false" isGetter="false" isSetter="true">
              <Summary numSequencePoints="1" visitedSequencePoints="1" numBranchPoints="1" visitedBranchPoints="1" sequenceCoverage="100" branchCoverage="100" maxCyclomaticComplexity="1" minCyclomaticComplexity="1" visitedClasses="0" numClasses="0" visitedMethods="1" numMethods="1" />
              <MetadataToken>100663311</MetadataToken>
              <Name>System.Void UnitTests.Test/InternationalEmailValidationTarget::set_Email(System.String)</Name>
              <FileRef uid="1" />
              <SequencePoints>
                <SequencePoint vc="4" uspid="82" ordinal="0" offset="0" sl="232" sc="31" el="232" ec="35" bec="0" bev="0" fileid="1" />
              </SequencePoints>
              <BranchPoints />
              <MethodPoint xsi:type="SequencePoint" vc="4" uspid="82" ordinal="0" offset="0" sl="232" sc="31" el="232" ec="35" bec="0" bev="0" fileid="1" />
            </Method>
            <Method visited="true" cyclomaticComplexity="1" nPathComplexity="0" sequenceCoverage="0" branchCoverage="0" isConstructor="true" isStatic="false" isGetter="false" isSetter="false">
              <Summary numSequencePoints="0" visitedSequencePoints="0" numBranchPoints="0" visitedBranchPoints="0" sequenceCoverage="0" branchCoverage="0" maxCyclomaticComplexity="1" minCyclomaticComplexity="1" visitedClasses="0" numClasses="0" visitedMethods="0" numMethods="0" />
              <MetadataToken>100663312</MetadataToken>
              <Name>System.Void UnitTests.Test/InternationalEmailValidationTarget::.ctor()</Name>
              <SequencePoints />
              <BranchPoints />
              <MethodPoint vc="1" uspid="83" ordinal="0" offset="0" />
            </Method>
          </Methods>
        </Class>
        <Class>
          <Summary numSequencePoints="1" visitedSequencePoints="1" numBranchPoints="1" visitedBranchPoints="1" sequenceCoverage="100" branchCoverage="100" maxCyclomaticComplexity="1" minCyclomaticComplexity="1" visitedClasses="1" numClasses="1" visitedMethods="1" numMethods="1" />
          <FullName>UnitTests.Test/&lt;&gt;c</FullName>
          <Methods>
            <Method visited="true" cyclomaticComplexity="1" nPathComplexity="0" sequenceCoverage="0" branchCoverage="0" isConstructor="true" isStatic="true" isGetter="false" isSetter="false">
              <Summary numSequencePoints="0" visitedSequencePoints="0" numBranchPoints="0" visitedBranchPoints="0" sequenceCoverage="0" branchCoverage="0" maxCyclomaticComplexity="1" minCyclomaticComplexity="1" visitedClasses="0" numClasses="0" visitedMethods="0" numMethods="0" />
              <MetadataToken>100663313</MetadataToken>
              <Name>System.Void UnitTests.Test/&lt;&gt;c::.cctor()</Name>
              <SequencePoints />
              <BranchPoints />
              <MethodPoint vc="1" uspid="84" ordinal="0" offset="0" />
            </Method>
            <Method visited="true" cyclomaticComplexity="1" nPathComplexity="0" sequenceCoverage="0" branchCoverage="0" isConstructor="true" isStatic="false" isGetter="false" isSetter="false">
              <Summary numSequencePoints="0" visitedSequencePoints="0" numBranchPoints="0" visitedBranchPoints="0" sequenceCoverage="0" branchCoverage="0" maxCyclomaticComplexity="1" minCyclomaticComplexity="1" visitedClasses="0" numClasses="0" visitedMethods="0" numMethods="0" />
              <MetadataToken>100663314</MetadataToken>
              <Name>System.Void UnitTests.Test/&lt;&gt;c::.ctor()</Name>
              <SequencePoints />
              <BranchPoints />
              <MethodPoint vc="1" uspid="85" ordinal="0" offset="0" />
            </Method>
            <Method visited="true" cyclomaticComplexity="1" nPathComplexity="0" sequenceCoverage="100" branchCoverage="100" isConstructor="false" isStatic="false" isGetter="false" isSetter="false">
              <Summary numSequencePoints="1" visitedSequencePoints="1" numBranchPoints="1" visitedBranchPoints="1" sequenceCoverage="100" branchCoverage="100" maxCyclomaticComplexity="1" minCyclomaticComplexity="1" visitedClasses="0" numClasses="0" visitedMethods="1" numMethods="1" />
              <MetadataToken>100663315</MetadataToken>
              <Name>System.Void UnitTests.Test/&lt;&gt;c::&lt;TestThrowsExceptionIfNull&gt;b__6_0()</Name>
              <FileRef uid="1" />
              <SequencePoints>
                <SequencePoint vc="1" uspid="86" ordinal="0" offset="0" sl="176" sc="48" el="176" ec="90" bec="0" bev="0" fileid="1" />
              </SequencePoints>
              <BranchPoints />
              <MethodPoint xsi:type="SequencePoint" vc="1" uspid="86" ordinal="0" offset="0" sl="176" sc="48" el="176" ec="90" bec="0" bev="0" fileid="1" />
            </Method>
          </Methods>
        </Class>
      </Classes>
    </Module>
    <Module skippedDueTo="MissingPdb" hash="A2-D0-DB-C9-20-FB-37-90-D4-D6-25-E5-C4-7B-E0-42-CA-32-C0-51">
      <ModulePath>C:\Users\User\Documents\IEgit\EmailValidation\UnitTests\bin\Debug\nunit.framework.dll</ModulePath>
      <ModuleTime>2017-05-02T18:25:18.8837779Z</ModuleTime>
      <ModuleName>nunit.framework</ModuleName>
      <Classes />
    </Module>
    <Module hash="73-41-68-44-13-4E-C5-2D-C8-F1-10-E4-F7-E2-79-EB-89-F4-82-B7">
      <Summary numSequencePoints="206" visitedSequencePoints="190" numBranchPoints="132" visitedBranchPoints="117" sequenceCoverage="92.23" branchCoverage="88.64" maxCyclomaticComplexity="21" minCyclomaticComplexity="1" visitedClasses="2" numClasses="2" visitedMethods="18" numMethods="20" />
      <ModulePath>C:\Users\User\Documents\IEgit\EmailValidation\UnitTests\bin\Debug\EmailValidation.dll</ModulePath>
      <ModuleTime>2017-05-02T18:25:21.4725009Z</ModuleTime>
      <ModuleName>EmailValidation</ModuleName>
      <Files>
        <File uid="9" fullPath="C:\Users\User\Documents\IEgit\EmailValidation\EmailValidation\EmailAttribute.cs" />
        <File uid="10" fullPath="C:\Users\User\Documents\IEgit\EmailValidation\EmailValidation\EmailValidator.cs" />
      </Files>
      <Classes>
        <Class>
          <Summary numSequencePoints="0" visitedSequencePoints="0" numBranchPoints="0" visitedBranchPoints="0" sequenceCoverage="0" branchCoverage="0" maxCyclomaticComplexity="0" minCyclomaticComplexity="0" visitedClasses="0" numClasses="0" visitedMethods="0" numMethods="0" />
          <FullName>&lt;Module&gt;</FullName>
          <Methods />
        </Class>
        <Class>
          <Summary numSequencePoints="23" visitedSequencePoints="18" numBranchPoints="12" visitedBranchPoints="9" sequenceCoverage="78.26" branchCoverage="75" maxCyclomaticComplexity="5" minCyclomaticComplexity="1" visitedClasses="1" numClasses="1" visitedMethods="5" numMethods="6" />
          <FullName>EmailValidation.EmailAttribute</FullName>
          <Methods>
            <Method visited="true" cyclomaticComplexity="1" nPathComplexity="0" sequenceCoverage="100" branchCoverage="100" isConstructor="false" isStatic="false" isGetter="true" isSetter="false">
              <Summary numSequencePoints="1" visitedSequencePoints="1" numBranchPoints="1" visitedBranchPoints="1" sequenceCoverage="100" branchCoverage="100" maxCyclomaticComplexity="1" minCyclomaticComplexity="1" visitedClasses="0" numClasses="0" visitedMethods="1" numMethods="1" />
              <MetadataToken>100663300</MetadataToken>
              <Name>System.Boolean EmailValidation.EmailAttribute::get_AllowTopLevelDomains()</Name>
              <FileRef uid="9" />
              <SequencePoints>
                <SequencePoint vc="93" uspid="87" ordinal="0" offset="0" sl="44" sc="38" el="44" ec="42" bec="0" bev="0" fileid="9" />
              </SequencePoints>
              <BranchPoints />
              <MethodPoint xsi:type="SequencePoint" vc="93" uspid="87" ordinal="0" offset="0" sl="44" sc="38" el="44" ec="42" bec="0" bev="0" fileid="9" />
            </Method>
            <Method visited="true" cyclomaticComplexity="1" nPathComplexity="0" sequenceCoverage="100" branchCoverage="100" isConstructor="false" isStatic="false" isGetter="true" isSetter="false">
              <Summary numSequencePoints="1" visitedSequencePoints="1" numBranchPoints="1" visitedBranchPoints="1" sequenceCoverage="100" branchCoverage="100" maxCyclomaticComplexity="1" minCyclomaticComplexity="1" visitedClasses="0" numClasses="0" visitedMethods="1" numMethods="1" />
              <MetadataToken>100663301</MetadataToken>
              <Name>System.Boolean EmailValidation.EmailAttribute::get_AllowInternational()</Name>
              <FileRef uid="9" />
              <SequencePoints>
                <SequencePoint vc="93" uspid="88" ordinal="0" offset="0" sl="46" sc="36" el="46" ec="40" bec="0" bev="0" fileid="9" />
              </SequencePoints>
              <BranchPoints />
              <MethodPoint xsi:type="SequencePoint" vc="93" uspid="88" ordinal="0" offset="0" sl="46" sc="36" el="46" ec="40" bec="0" bev="0" fileid="9" />
            </Method>
            <Method visited="false" cyclomaticComplexity="1" nPathComplexity="0" sequenceCoverage="0" branchCoverage="0" isConstructor="true" isStatic="false" isGetter="false" isSetter="false">
              <Summary numSequencePoints="3" visitedSequencePoints="0" numBranchPoints="1" visitedBranchPoints="0" sequenceCoverage="0" branchCoverage="0" maxCyclomaticComplexity="1" minCyclomaticComplexity="1" visitedClasses="0" numClasses="0" visitedMethods="0" numMethods="1" />
              <MetadataToken>100663297</MetadataToken>
              <Name>System.Void EmailValidation.EmailAttribute::.ctor()</Name>
              <FileRef uid="9" />
              <SequencePoints>
                <SequencePoint vc="0" uspid="89" ordinal="0" offset="0" sl="34" sc="35" el="34" ec="53" bec="0" bev="0" fileid="9" />
                <SequencePoint vc="0" uspid="90" ordinal="1" offset="9" sl="34" sc="54" el="34" ec="55" bec="0" bev="0" fileid="9" />
                <SequencePoint vc="0" uspid="91" ordinal="2" offset="10" sl="34" sc="56" el="34" ec="57" bec="0" bev="0" fileid="9" />
              </SequencePoints>
              <BranchPoints />
              <MethodPoint xsi:type="SequencePoint" vc="0" uspid="89" ordinal="0" offset="0" sl="34" sc="35" el="34" ec="53" bec="0" bev="0" fileid="9" />
            </Method>
            <Method visited="true" cyclomaticComplexity="1" nPathComplexity="0" sequenceCoverage="100" branchCoverage="100" isConstructor="true" isStatic="false" isGetter="false" isSetter="false">
              <Summary numSequencePoints="3" visitedSequencePoints="3" numBranchPoints="1" visitedBranchPoints="1" sequenceCoverage="100" branchCoverage="100" maxCyclomaticComplexity="1" minCyclomaticComplexity="1" visitedClasses="0" numClasses="0" visitedMethods="1" numMethods="1" />
              <MetadataToken>100663298</MetadataToken>
              <Name>System.Void EmailValidation.EmailAttribute::.ctor(System.Boolean)</Name>
              <FileRef uid="9" />
              <SequencePoints>
                <SequencePoint vc="1" uspid="92" ordinal="0" offset="0" sl="36" sc="60" el="36" ec="93" bec="0" bev="0" fileid="9" />
                <SequencePoint vc="1" uspid="93" ordinal="1" offset="9" sl="36" sc="94" el="36" ec="95" bec="0" bev="0" fileid="9" />
                <SequencePoint vc="1" uspid="94" ordinal="2" offset="10" sl="36" sc="96" el="36" ec="97" bec="0" bev="0" fileid="9" />
              </SequencePoints>
              <BranchPoints />
              <MethodPoint xsi:type="SequencePoint" vc="1" uspid="92" ordinal="0" offset="0" sl="36" sc="60" el="36" ec="93" bec="0" bev="0" fileid="9" />
            </Method>
            <Method visited="true" cyclomaticComplexity="1" nPathComplexity="0" sequenceCoverage="100" branchCoverage="100" isConstructor="true" isStatic="false" isGetter="false" isSetter="false">
              <Summary numSequencePoints="5" visitedSequencePoints="5" numBranchPoints="1" visitedBranchPoints="1" sequenceCoverage="100" branchCoverage="100" maxCyclomaticComplexity="1" minCyclomaticComplexity="1" visitedClasses="0" numClasses="0" visitedMethods="1" numMethods="1" />
              <MetadataToken>100663299</MetadataToken>
              <Name>System.Void EmailValidation.EmailAttribute::.ctor(System.Boolean,System.Boolean)</Name>
              <FileRef uid="9" />
              <SequencePoints>
                <SequencePoint vc="2" uspid="95" ordinal="0" offset="0" sl="38" sc="9" el="38" ec="83" bec="0" bev="0" fileid="9" />
                <SequencePoint vc="2" uspid="96" ordinal="1" offset="7" sl="39" sc="3" el="39" ec="4" bec="0" bev="0" fileid="9" />
                <SequencePoint vc="2" uspid="97" ordinal="2" offset="8" sl="40" sc="4" el="40" ec="48" bec="0" bev="0" fileid="9" />
                <SequencePoint vc="2" uspid="98" ordinal="3" offset="15" sl="41" sc="4" el="41" ec="44" bec="0" bev="0" fileid="9" />
                <SequencePoint vc="2" uspid="99" ordinal="4" offset="22" sl="42" sc="3" el="42" ec="4" bec="0" bev="0" fileid="9" />
              </SequencePoints>
              <BranchPoints />
              <MethodPoint xsi:type="SequencePoint" vc="2" uspid="95" ordinal="0" offset="0" sl="38" sc="9" el="38" ec="83" bec="0" bev="0" fileid="9" />
            </Method>
            <Method visited="true" cyclomaticComplexity="5" nPathComplexity="8" sequenceCoverage="80" branchCoverage="71.43" isConstructor="false" isStatic="false" isGetter="false" isSetter="false">
              <Summary numSequencePoints="10" visitedSequencePoints="8" numBranchPoints="7" visitedBranchPoints="5" sequenceCoverage="80" branchCoverage="71.43" maxCyclomaticComplexity="5" minCyclomaticComplexity="5" visitedClasses="0" numClasses="0" visitedMethods="1" numMethods="1" />
              <MetadataToken>100663302</MetadataToken>
              <Name>System.ComponentModel.DataAnnotations.ValidationResult EmailValidation.EmailAttribute::IsValid(System.Object,System.ComponentModel.DataAnnotations.ValidationContext)</Name>
              <FileRef uid="9" />
              <SequencePoints>
                <SequencePoint vc="93" uspid="100" ordinal="0" offset="0" sl="49" sc="3" el="49" ec="4" bec="0" bev="0" fileid="9" />
                <SequencePoint vc="93" uspid="101" ordinal="1" offset="1" sl="50" sc="13" el="50" ec="83" bec="2" bev="1" fileid="9" />
                <SequencePoint vc="0" uspid="102" ordinal="2" offset="20" sl="51" sc="17" el="51" ec="82" bec="0" bev="0" fileid="9" />
                <SequencePoint vc="93" uspid="103" ordinal="3" offset="31" sl="53" sc="4" el="53" ec="68" bec="0" bev="0" fileid="9" />
                <SequencePoint vc="93" uspid="104" ordinal="4" offset="47" sl="55" sc="4" el="55" ec="22" bec="2" bev="1" fileid="9" />
                <SequencePoint vc="0" uspid="105" ordinal="5" offset="55" sl="56" sc="5" el="56" ec="70" bec="0" bev="0" fileid="9" />
                <SequencePoint vc="93" uspid="106" ordinal="6" offset="69" sl="58" sc="4" el="58" ec="91" bec="2" bev="2" fileid="9" />
                <SequencePoint vc="58" uspid="107" ordinal="7" offset="98" sl="59" sc="5" el="59" ec="37" bec="0" bev="0" fileid="9" />
                <SequencePoint vc="35" uspid="108" ordinal="8" offset="106" sl="61" sc="4" el="61" ec="63" bec="0" bev="0" fileid="9" />
                <SequencePoint vc="93" uspid="109" ordinal="9" offset="120" sl="62" sc="3" el="62" ec="4" bec="0" bev="0" fileid="9" />
              </SequencePoints>
              <BranchPoints>
                <BranchPoint vc="0" uspid="112" ordinal="2" offset="18" sl="50" path="0" offsetend="20" fileid="9" />
                <BranchPoint vc="93" uspid="113" ordinal="3" offset="18" sl="50" path="1" offsetend="31" fileid="9" />
                <BranchPoint vc="0" uspid="114" ordinal="4" offset="53" sl="55" path="0" offsetend="55" fileid="9" />
                <BranchPoint vc="93" uspid="115" ordinal="5" offset="53" sl="55" path="1" offsetend="69" fileid="9" />
                <BranchPoint vc="58" uspid="116" ordinal="6" offset="96" sl="58" path="0" offsetend="98" fileid="9" />
                <BranchPoint vc="35" uspid="117" ordinal="7" offset="96" sl="58" path="1" offsetend="106" fileid="9" />
              </BranchPoints>
              <MethodPoint xsi:type="SequencePoint" vc="93" uspid="100" ordinal="0" offset="0" sl="49" sc="3" el="49" ec="4" bec="0" bev="0" fileid="9" />
            </Method>
          </Methods>
        </Class>
        <Class>
          <Summary numSequencePoints="183" visitedSequencePoints="172" numBranchPoints="120" visitedBranchPoints="108" sequenceCoverage="93.99" branchCoverage="90" maxCyclomaticComplexity="21" minCyclomaticComplexity="1" visitedClasses="1" numClasses="1" visitedMethods="13" numMethods="14" />
          <FullName>EmailValidation.EmailValidator</FullName>
          <Methods>
            <Method visited="true" cyclomaticComplexity="7" nPathComplexity="4" sequenceCoverage="100" branchCoverage="100" isConstructor="false" isStatic="true" isGetter="false" isSetter="false">
              <Summary numSequencePoints="3" visitedSequencePoints="3" numBranchPoints="5" visitedBranchPoints="5" sequenceCoverage="100" branchCoverage="100" maxCyclomaticComplexity="7" minCyclomaticComplexity="7" visitedClasses="0" numClasses="0" visitedMethods="1" numMethods="1" />
              <MetadataToken>100663303</MetadataToken>
              <Name>System.Boolean EmailValidation.EmailValidator::IsLetterOrDigit(System.Char)</Name>
              <FileRef uid="10" />
              <SequencePoints>
                <SequencePoint vc="4088" uspid="118" ordinal="0" offset="0" sl="41" sc="3" el="41" ec="4" bec="0" bev="0" fileid="10" />
                <SequencePoint vc="4088" uspid="119" ordinal="1" offset="1" sl="42" sc="4" el="42" ec="86" bec="4" bev="4" fileid="10" />
                <SequencePoint vc="4088" uspid="120" ordinal="2" offset="43" sl="43" sc="3" el="43" ec="4" bec="0" bev="0" fileid="10" />
              </SequencePoints>
              <BranchPoints>
                <BranchPoint vc="3286" uspid="121" ordinal="0" offset="4" sl="42" path="0" offsetend="6" fileid="10" />
                <BranchPoint vc="802" uspid="122" ordinal="1" offset="4" sl="42" path="1" offsetend="11" fileid="10" />
                <BranchPoint vc="3194" uspid="125" ordinal="4" offset="14" sl="42" path="0" offsetend="16" fileid="10" />
                <BranchPoint vc="818" uspid="126" ordinal="5" offset="14" sl="42" path="1" offsetend="21" fileid="10" />
              </BranchPoints>
              <MethodPoint xsi:type="SequencePoint" vc="4088" uspid="118" ordinal="0" offset="0" sl="41" sc="3" el="41" ec="4" bec="0" bev="0" fileid="10" />
            </Method>
            <Method visited="true" cyclomaticComplexity="4" nPathComplexity="2" sequenceCoverage="100" branchCoverage="100" isConstructor="false" isStatic="true" isGetter="false" isSetter="false">
              <Summary numSequencePoints="3" visitedSequencePoints="3" numBranchPoints="3" visitedBranchPoints="3" sequenceCoverage="100" branchCoverage="100" maxCyclomaticComplexity="4" minCyclomaticComplexity="4" visitedClasses="0" numClasses="0" visitedMethods="1" numMethods="1" />
              <MetadataToken>100663304</MetadataToken>
              <Name>System.Boolean EmailValidation.EmailValidator::IsAtom(System.Char,System.Boolean)</Name>
              <FileRef uid="10" />
              <SequencePoints>
                <SequencePoint vc="2096" uspid="131" ordinal="0" offset="0" sl="46" sc="3" el="46" ec="4" bec="0" bev="0" fileid="10" />
                <SequencePoint vc="2096" uspid="132" ordinal="1" offset="1" sl="47" sc="4" el="47" ec="98" bec="2" bev="2" fileid="10" />
                <SequencePoint vc="2096" uspid="133" ordinal="2" offset="43" sl="48" sc="3" el="48" ec="4" bec="0" bev="0" fileid="10" />
              </SequencePoints>
              <BranchPoints>
                <BranchPoint vc="28" uspid="134" ordinal="0" offset="7" sl="47" path="0" offsetend="9" fileid="10" />
                <BranchPoint vc="2068" uspid="135" ordinal="1" offset="7" sl="47" path="1" offsetend="12" fileid="10" />
              </BranchPoints>
              <MethodPoint xsi:type="SequencePoint" vc="2096" uspid="131" ordinal="0" offset="0" sl="46" sc="3" el="46" ec="4" bec="0" bev="0" fileid="10" />
            </Method>
            <Method visited="true" cyclomaticComplexity="4" nPathComplexity="2" sequenceCoverage="100" branchCoverage="100" isConstructor="false" isStatic="true" isGetter="false" isSetter="false">
              <Summary numSequencePoints="3" visitedSequencePoints="3" numBranchPoints="3" visitedBranchPoints="3" sequenceCoverage="100" branchCoverage="100" maxCyclomaticComplexity="4" minCyclomaticComplexity="4" visitedClasses="0" numClasses="0" visitedMethods="1" numMethods="1" />
              <MetadataToken>100663305</MetadataToken>
              <Name>System.Boolean EmailValidation.EmailValidator::IsDomain(System.Char,System.Boolean)</Name>
              <FileRef uid="10" />
              <SequencePoints>
                <SequencePoint vc="2086" uspid="138" ordinal="0" offset="0" sl="51" sc="3" el="51" ec="4" bec="0" bev="0" fileid="10" />
                <SequencePoint vc="2086" uspid="139" ordinal="1" offset="1" sl="52" sc="4" el="52" ec="74" bec="2" bev="2" fileid="10" />
                <SequencePoint vc="2086" uspid="140" ordinal="2" offset="31" sl="53" sc="3" el="53" ec="4" bec="0" bev="0" fileid="10" />
              </SequencePoints>
              <BranchPoints>
                <BranchPoint vc="66" uspid="141" ordinal="0" offset="7" sl="52" path="0" offsetend="9" fileid="10" />
                <BranchPoint vc="2020" uspid="142" ordinal="1" offset="7" sl="52" path="1" offsetend="12" fileid="10" />
              </BranchPoints>
              <MethodPoint xsi:type="SequencePoint" vc="2086" uspid="138" ordinal="0" offset="0" sl="51" sc="3" el="51" ec="4" bec="0" bev="0" fileid="10" />
            </Method>
            <Method visited="true" cyclomaticComplexity="3" nPathComplexity="2" sequenceCoverage="100" branchCoverage="100" isConstructor="false" isStatic="true" isGetter="false" isSetter="false">
              <Summary numSequencePoints="6" visitedSequencePoints="6" numBranchPoints="3" visitedBranchPoints="3" sequenceCoverage="100" branchCoverage="100" maxCyclomaticComplexity="3" minCyclomaticComplexity="3" visitedClasses="0" numClasses="0" visitedMethods="1" numMethods="1" />
              <MetadataToken>100663306</MetadataToken>
              <Name>System.Boolean EmailValidation.EmailValidator::SkipAtom(System.String,System.Int32&amp;,System.Boolean)</Name>
              <FileRef uid="10" />
              <SequencePoints>
                <SequencePoint vc="206" uspid="145" ordinal="0" offset="0" sl="56" sc="3" el="56" ec="4" bec="0" bev="0" fileid="10" />
                <SequencePoint vc="206" uspid="146" ordinal="1" offset="1" sl="57" sc="4" el="57" ec="27" bec="0" bev="0" fileid="10" />
                <SequencePoint vc="1898" uspid="147" ordinal="2" offset="6" sl="60" sc="5" el="60" ec="13" bec="0" bev="0" fileid="10" />
                <SequencePoint vc="2104" uspid="148" ordinal="3" offset="12" sl="59" sc="4" el="59" ec="75" bec="2" bev="2" fileid="10" />
                <SequencePoint vc="206" uspid="149" ordinal="4" offset="43" sl="62" sc="4" el="62" ec="30" bec="0" bev="0" fileid="10" />
                <SequencePoint vc="206" uspid="150" ordinal="5" offset="51" sl="63" sc="3" el="63" ec="4" bec="0" bev="0" fileid="10" />
              </SequencePoints>
              <BranchPoints>
                <BranchPoint vc="206" uspid="153" ordinal="2" offset="41" sl="59" path="0" offsetend="43" fileid="10" />
                <BranchPoint vc="1898" uspid="154" ordinal="3" offset="41" sl="59" path="1" offsetend="6" fileid="10" />
              </BranchPoints>
              <MethodPoint xsi:type="SequencePoint" vc="206" uspid="145" ordinal="0" offset="0" sl="56" sc="3" el="56" ec="4" bec="0" bev="0" fileid="10" />
            </Method>
            <Method visited="true" cyclomaticComplexity="6" nPathComplexity="4" sequenceCoverage="100" branchCoverage="100" isConstructor="false" isStatic="true" isGetter="false" isSetter="false">
              <Summary numSequencePoints="9" visitedSequencePoints="9" numBranchPoints="5" visitedBranchPoints="5" sequenceCoverage="100" branchCoverage="100" maxCyclomaticComplexity="6" minCyclomaticComplexity="6" visitedClasses="0" numClasses="0" visitedMethods="1" numMethods="1" />
              <MetadataToken>100663307</MetadataToken>
              <Name>System.Boolean EmailValidation.EmailValidator::SkipSubDomain(System.String,System.Int32&amp;,System.Boolean)</Name>
              <FileRef uid="10" />
              <SequencePoints>
                <SequencePoint vc="248" uspid="155" ordinal="0" offset="0" sl="66" sc="3" el="66" ec="4" bec="0" bev="0" fileid="10" />
                <SequencePoint vc="248" uspid="156" ordinal="1" offset="1" sl="67" sc="4" el="67" ec="27" bec="0" bev="0" fileid="10" />
                <SequencePoint vc="248" uspid="157" ordinal="2" offset="4" sl="69" sc="4" el="69" ec="74" bec="2" bev="2" fileid="10" />
                <SequencePoint vc="6" uspid="158" ordinal="3" offset="39" sl="70" sc="5" el="70" ec="18" bec="0" bev="0" fileid="10" />
                <SequencePoint vc="242" uspid="159" ordinal="4" offset="43" sl="72" sc="4" el="72" ec="12" bec="0" bev="0" fileid="10" />
                <SequencePoint vc="1696" uspid="160" ordinal="5" offset="51" sl="75" sc="5" el="75" ec="13" bec="0" bev="0" fileid="10" />
                <SequencePoint vc="1938" uspid="161" ordinal="6" offset="57" sl="74" sc="4" el="74" ec="77" bec="2" bev="2" fileid="10" />
                <SequencePoint vc="242" uspid="162" ordinal="7" offset="88" sl="77" sc="4" el="77" ec="63" bec="0" bev="0" fileid="10" />
                <SequencePoint vc="248" uspid="163" ordinal="8" offset="119" sl="78" sc="3" el="78" ec="4" bec="0" bev="0" fileid="10" />
              </SequencePoints>
              <BranchPoints>
                <BranchPoint vc="6" uspid="166" ordinal="2" offset="37" sl="69" path="0" offsetend="39" fileid="10" />
                <BranchPoint vc="242" uspid="167" ordinal="3" offset="37" sl="69" path="1" offsetend="43" fileid="10" />
                <BranchPoint vc="242" uspid="170" ordinal="6" offset="86" sl="74" path="0" offsetend="88" fileid="10" />
                <BranchPoint vc="1696" uspid="171" ordinal="7" offset="86" sl="74" path="1" offsetend="51" fileid="10" />
              </BranchPoints>
              <MethodPoint xsi:type="SequencePoint" vc="248" uspid="155" ordinal="0" offset="0" sl="66" sc="3" el="66" ec="4" bec="0" bev="0" fileid="10" />
            </Method>
            <Method visited="true" cyclomaticComplexity="9" nPathComplexity="64" sequenceCoverage="89.47" branchCoverage="92.31" isConstructor="false" isStatic="true" isGetter="false" isSetter="false">
              <Summary numSequencePoints="19" visitedSequencePoints="17" numBranchPoints="13" visitedBranchPoints="12" sequenceCoverage="89.47" branchCoverage="92.31" maxCyclomaticComplexity="9" minCyclomaticComplexity="9" visitedClasses="0" numClasses="0" visitedMethods="1" numMethods="1" />
              <MetadataToken>100663308</MetadataToken>
              <Name>System.Boolean EmailValidation.EmailValidator::SkipDomain(System.String,System.Int32&amp;,System.Boolean,System.Boolean)</Name>
              <FileRef uid="10" />
              <SequencePoints>
                <SequencePoint vc="116" uspid="174" ordinal="0" offset="0" sl="81" sc="3" el="81" ec="4" bec="0" bev="0" fileid="10" />
                <SequencePoint vc="116" uspid="175" ordinal="1" offset="1" sl="82" sc="4" el="82" ec="61" bec="2" bev="2" fileid="10" />
                <SequencePoint vc="8" uspid="176" ordinal="2" offset="16" sl="83" sc="5" el="83" ec="18" bec="0" bev="0" fileid="10" />
                <SequencePoint vc="108" uspid="177" ordinal="3" offset="23" sl="85" sc="4" el="85" ec="50" bec="2" bev="2" fileid="10" />
                <SequencePoint vc="102" uspid="178" ordinal="4" offset="52" sl="85" sc="51" el="85" ec="52" bec="0" bev="0" fileid="10" />
                <SequencePoint vc="134" uspid="179" ordinal="5" offset="53" sl="86" sc="8" el="86" ec="9" bec="0" bev="0" fileid="10" />
                <SequencePoint vc="134" uspid="180" ordinal="6" offset="54" sl="87" sc="6" el="87" ec="14" bec="0" bev="0" fileid="10" />
                <SequencePoint vc="134" uspid="181" ordinal="7" offset="60" sl="89" sc="6" el="89" ec="31" bec="2" bev="2" fileid="10" />
                <SequencePoint vc="2" uspid="182" ordinal="8" offset="74" sl="90" sc="7" el="90" ec="20" bec="0" bev="0" fileid="10" />
                <SequencePoint vc="132" uspid="183" ordinal="9" offset="78" sl="92" sc="6" el="92" ec="63" bec="2" bev="2" fileid="10" />
                <SequencePoint vc="2" uspid="184" ordinal="10" offset="95" sl="93" sc="7" el="93" ec="20" bec="0" bev="0" fileid="10" />
                <SequencePoint vc="130" uspid="185" ordinal="11" offset="99" sl="94" sc="5" el="94" ec="6" bec="0" bev="0" fileid="10" />
                <SequencePoint vc="130" uspid="186" ordinal="12" offset="100" sl="94" sc="7" el="94" ec="57" bec="2" bev="2" fileid="10" />
                <SequencePoint vc="98" uspid="187" ordinal="13" offset="131" sl="95" sc="4" el="95" ec="5" bec="0" bev="0" fileid="10" />
                <SequencePoint vc="6" uspid="188" ordinal="14" offset="134" sl="95" sc="11" el="95" ec="37" bec="2" bev="1" fileid="10" />
                <SequencePoint vc="0" uspid="189" ordinal="15" offset="144" sl="95" sc="38" el="95" ec="39" bec="0" bev="0" fileid="10" />
                <SequencePoint vc="0" uspid="190" ordinal="16" offset="145" sl="96" sc="5" el="96" ec="18" bec="0" bev="0" fileid="10" />
                <SequencePoint vc="104" uspid="191" ordinal="17" offset="149" sl="99" sc="4" el="99" ec="16" bec="0" bev="0" fileid="10" />
                <SequencePoint vc="116" uspid="192" ordinal="18" offset="153" sl="100" sc="3" el="100" ec="4" bec="0" bev="0" fileid="10" />
              </SequencePoints>
              <BranchPoints>
                <BranchPoint vc="8" uspid="193" ordinal="0" offset="14" sl="82" path="0" offsetend="16" fileid="10" />
                <BranchPoint vc="108" uspid="194" ordinal="1" offset="14" sl="82" path="1" offsetend="23" fileid="10" />
                <BranchPoint vc="102" uspid="197" ordinal="4" offset="50" sl="85" path="0" offsetend="52" fileid="10" />
                <BranchPoint vc="6" uspid="198" ordinal="5" offset="50" sl="85" path="1" offsetend="134" fileid="10" />
                <BranchPoint vc="2" uspid="199" ordinal="6" offset="72" sl="89" path="0" offsetend="74" fileid="10" />
                <BranchPoint vc="132" uspid="200" ordinal="7" offset="72" sl="89" path="1" offsetend="78" fileid="10" />
                <BranchPoint vc="2" uspid="201" ordinal="8" offset="93" sl="92" path="0" offsetend="95" fileid="10" />
                <BranchPoint vc="130" uspid="202" ordinal="9" offset="93" sl="92" path="1" offsetend="99" fileid="10" />
                <BranchPoint vc="98" uspid="205" ordinal="12" offset="129" sl="94" path="0" offsetend="131" fileid="10" />
                <BranchPoint vc="32" uspid="206" ordinal="13" offset="129" sl="94" path="1" offsetend="53" fileid="10" />
                <BranchPoint vc="0" uspid="207" ordinal="14" offset="142" sl="95" path="0" offsetend="144" fileid="10" />
                <BranchPoint vc="6" uspid="208" ordinal="15" offset="142" sl="95" path="1" offsetend="149" fileid="10" />
              </BranchPoints>
              <MethodPoint xsi:type="SequencePoint" vc="116" uspid="174" ordinal="0" offset="0" sl="81" sc="3" el="81" ec="4" bec="0" bev="0" fileid="10" />
            </Method>
            <Method visited="true" cyclomaticComplexity="9" nPathComplexity="64" sequenceCoverage="92.31" branchCoverage="76.92" isConstructor="false" isStatic="true" isGetter="false" isSetter="false">
              <Summary numSequencePoints="26" visitedSequencePoints="24" numBranchPoints="13" visitedBranchPoints="10" sequenceCoverage="92.31" branchCoverage="76.92" maxCyclomaticComplexity="9" minCyclomaticComplexity="9" visitedClasses="0" numClasses="0" visitedMethods="1" numMethods="1" />
              <MetadataToken>100663309</MetadataToken>
              <Name>System.Boolean EmailValidation.EmailValidator::SkipQuoted(System.String,System.Int32&amp;,System.Boolean)</Name>
              <FileRef uid="10" />
              <SequencePoints>
                <SequencePoint vc="28" uspid="209" ordinal="0" offset="0" sl="103" sc="3" el="103" ec="4" bec="0" bev="0" fileid="10" />
                <SequencePoint vc="28" uspid="210" ordinal="1" offset="1" sl="104" sc="4" el="104" ec="25" bec="0" bev="0" fileid="10" />
                <SequencePoint vc="28" uspid="211" ordinal="2" offset="3" sl="107" sc="4" el="107" ec="12" bec="0" bev="0" fileid="10" />
                <SequencePoint vc="486" uspid="212" ordinal="3" offset="11" sl="109" sc="32" el="109" ec="33" bec="0" bev="0" fileid="10" />
                <SequencePoint vc="486" uspid="213" ordinal="4" offset="12" sl="110" sc="5" el="110" ec="51" bec="2" bev="1" fileid="10" />
                <SequencePoint vc="0" uspid="214" ordinal="5" offset="38" sl="111" sc="6" el="111" ec="19" bec="0" bev="0" fileid="10" />
                <SequencePoint vc="486" uspid="215" ordinal="6" offset="45" sl="113" sc="5" el="113" ec="29" bec="2" bev="2" fileid="10" />
                <SequencePoint vc="42" uspid="216" ordinal="7" offset="61" sl="113" sc="30" el="113" ec="31" bec="0" bev="0" fileid="10" />
                <SequencePoint vc="42" uspid="217" ordinal="8" offset="62" sl="114" sc="6" el="114" ec="25" bec="0" bev="0" fileid="10" />
                <SequencePoint vc="42" uspid="218" ordinal="9" offset="67" sl="115" sc="5" el="115" ec="6" bec="0" bev="0" fileid="10" />
                <SequencePoint vc="444" uspid="219" ordinal="10" offset="70" sl="115" sc="12" el="115" ec="25" bec="2" bev="2" fileid="10" />
                <SequencePoint vc="414" uspid="220" ordinal="11" offset="80" sl="115" sc="26" el="115" ec="27" bec="0" bev="0" fileid="10" />
                <SequencePoint vc="414" uspid="221" ordinal="12" offset="81" sl="116" sc="6" el="116" ec="29" bec="2" bev="2" fileid="10" />
                <SequencePoint vc="28" uspid="222" ordinal="13" offset="99" sl="117" sc="7" el="117" ec="13" bec="0" bev="0" fileid="10" />
                <SequencePoint vc="386" uspid="223" ordinal="14" offset="101" sl="118" sc="5" el="118" ec="6" bec="0" bev="0" fileid="10" />
                <SequencePoint vc="30" uspid="224" ordinal="15" offset="104" sl="118" sc="12" el="118" ec="13" bec="0" bev="0" fileid="10" />
                <SequencePoint vc="30" uspid="225" ordinal="16" offset="105" sl="119" sc="6" el="119" ec="22" bec="0" bev="0" fileid="10" />
                <SequencePoint vc="30" uspid="226" ordinal="17" offset="107" sl="120" sc="5" el="120" ec="6" bec="0" bev="0" fileid="10" />
                <SequencePoint vc="458" uspid="227" ordinal="18" offset="108" sl="122" sc="5" el="122" ec="13" bec="0" bev="0" fileid="10" />
                <SequencePoint vc="458" uspid="228" ordinal="19" offset="114" sl="123" sc="4" el="123" ec="5" bec="0" bev="0" fileid="10" />
                <SequencePoint vc="486" uspid="229" ordinal="20" offset="115" sl="109" sc="4" el="109" ec="31" bec="2" bev="1" fileid="10" />
                <SequencePoint vc="28" uspid="230" ordinal="21" offset="131" sl="125" sc="4" el="125" ec="51" bec="2" bev="1" fileid="10" />
                <SequencePoint vc="0" uspid="231" ordinal="22" offset="165" sl="126" sc="5" el="126" ec="18" bec="0" bev="0" fileid="10" />
                <SequencePoint vc="28" uspid="232" ordinal="23" offset="169" sl="128" sc="4" el="128" ec="12" bec="0" bev="0" fileid="10" />
                <SequencePoint vc="28" uspid="233" ordinal="24" offset="175" sl="130" sc="4" el="130" ec="16" bec="0" bev="0" fileid="10" />
                <SequencePoint vc="28" uspid="234" ordinal="25" offset="179" sl="131" sc="3" el="131" ec="4" bec="0" bev="0" fileid="10" />
              </SequencePoints>
              <BranchPoints>
                <BranchPoint vc="0" uspid="237" ordinal="2" offset="36" sl="110" path="0" offsetend="38" fileid="10" />
                <BranchPoint vc="486" uspid="238" ordinal="3" offset="36" sl="110" path="1" offsetend="45" fileid="10" />
                <BranchPoint vc="42" uspid="239" ordinal="4" offset="59" sl="113" path="0" offsetend="61" fileid="10" />
                <BranchPoint vc="444" uspid="240" ordinal="5" offset="59" sl="113" path="1" offsetend="70" fileid="10" />
                <BranchPoint vc="414" uspid="241" ordinal="6" offset="78" sl="115" path="0" offsetend="80" fileid="10" />
                <BranchPoint vc="30" uspid="242" ordinal="7" offset="78" sl="115" path="1" offsetend="104" fileid="10" />
                <BranchPoint vc="28" uspid="243" ordinal="8" offset="97" sl="116" path="0" offsetchain="99" offsetend="131" fileid="10" />
                <BranchPoint vc="386" uspid="244" ordinal="9" offset="97" sl="116" path="1" offsetend="101" fileid="10" />
                <BranchPoint vc="0" uspid="245" ordinal="10" offset="129" sl="109" path="0" offsetend="131" fileid="10" />
                <BranchPoint vc="486" uspid="246" ordinal="11" offset="129" sl="109" path="1" offsetend="11" fileid="10" />
                <BranchPoint vc="0" uspid="249" ordinal="14" offset="163" sl="125" path="0" offsetend="165" fileid="10" />
                <BranchPoint vc="28" uspid="250" ordinal="15" offset="163" sl="125" path="1" offsetend="169" fileid="10" />
              </BranchPoints>
              <MethodPoint xsi:type="SequencePoint" vc="28" uspid="209" ordinal="0" offset="0" sl="103" sc="3" el="103" ec="4" bec="0" bev="0" fileid="10" />
            </Method>
            <Method visited="true" cyclomaticComplexity="2" nPathComplexity="2" sequenceCoverage="100" branchCoverage="100" isConstructor="false" isStatic="true" isGetter="false" isSetter="false">
              <Summary numSequencePoints="5" visitedSequencePoints="5" numBranchPoints="3" visitedBranchPoints="3" sequenceCoverage="100" branchCoverage="100" maxCyclomaticComplexity="2" minCyclomaticComplexity="2" visitedClasses="0" numClasses="0" visitedMethods="1" numMethods="1" />
              <MetadataToken>100663310</MetadataToken>
              <Name>System.Boolean EmailValidation.EmailValidator::SkipWord(System.String,System.Int32&amp;,System.Boolean)</Name>
              <FileRef uid="10" />
              <SequencePoints>
                <SequencePoint vc="234" uspid="251" ordinal="0" offset="0" sl="134" sc="3" el="134" ec="4" bec="0" bev="0" fileid="10" />
                <SequencePoint vc="234" uspid="252" ordinal="1" offset="1" sl="135" sc="4" el="135" ec="27" bec="2" bev="2" fileid="10" />
                <SequencePoint vc="28" uspid="253" ordinal="2" offset="17" sl="136" sc="5" el="136" ec="61" bec="0" bev="0" fileid="10" />
                <SequencePoint vc="206" uspid="254" ordinal="3" offset="28" sl="138" sc="4" el="138" ec="58" bec="0" bev="0" fileid="10" />
                <SequencePoint vc="234" uspid="255" ordinal="4" offset="39" sl="139" sc="3" el="139" ec="4" bec="0" bev="0" fileid="10" />
              </SequencePoints>
              <BranchPoints>
                <BranchPoint vc="28" uspid="256" ordinal="0" offset="15" sl="135" path="0" offsetend="17" fileid="10" />
                <BranchPoint vc="206" uspid="257" ordinal="1" offset="15" sl="135" path="1" offsetend="28" fileid="10" />
              </BranchPoints>
              <MethodPoint xsi:type="SequencePoint" vc="234" uspid="251" ordinal="0" offset="0" sl="134" sc="3" el="134" ec="4" bec="0" bev="0" fileid="10" />
            </Method>
            <Method visited="true" cyclomaticComplexity="12" nPathComplexity="16" sequenceCoverage="100" branchCoverage="100" isConstructor="false" isStatic="true" isGetter="false" isSetter="false">
              <Summary numSequencePoints="19" visitedSequencePoints="19" numBranchPoints="9" visitedBranchPoints="9" sequenceCoverage="100" branchCoverage="100" maxCyclomaticComplexity="12" minCyclomaticComplexity="12" visitedClasses="0" numClasses="0" visitedMethods="1" numMethods="1" />
              <MetadataToken>100663311</MetadataToken>
              <Name>System.Boolean EmailValidation.EmailValidator::SkipIPv4Literal(System.String,System.Int32&amp;)</Name>
              <FileRef uid="10" />
              <SequencePoints>
                <SequencePoint vc="14" uspid="258" ordinal="0" offset="0" sl="142" sc="3" el="142" ec="4" bec="0" bev="0" fileid="10" />
                <SequencePoint vc="14" uspid="259" ordinal="1" offset="1" sl="143" sc="4" el="143" ec="19" bec="0" bev="0" fileid="10" />
                <SequencePoint vc="50" uspid="260" ordinal="2" offset="8" sl="145" sc="46" el="145" ec="47" bec="0" bev="0" fileid="10" />
                <SequencePoint vc="50" uspid="261" ordinal="3" offset="9" sl="146" sc="5" el="146" ec="28" bec="0" bev="0" fileid="10" />
                <SequencePoint vc="50" uspid="262" ordinal="4" offset="12" sl="147" sc="5" el="147" ec="19" bec="0" bev="0" fileid="10" />
                <SequencePoint vc="82" uspid="263" ordinal="5" offset="16" sl="149" sc="77" el="149" ec="78" bec="0" bev="0" fileid="10" />
                <SequencePoint vc="82" uspid="264" ordinal="6" offset="17" sl="150" sc="6" el="150" ec="49" bec="0" bev="0" fileid="10" />
                <SequencePoint vc="82" uspid="265" ordinal="7" offset="34" sl="151" sc="6" el="151" ec="14" bec="0" bev="0" fileid="10" />
                <SequencePoint vc="82" uspid="266" ordinal="8" offset="40" sl="152" sc="5" el="152" ec="6" bec="0" bev="0" fileid="10" />
                <SequencePoint vc="132" uspid="267" ordinal="9" offset="41" sl="149" sc="5" el="149" ec="76" bec="2" bev="2" fileid="10" />
                <SequencePoint vc="50" uspid="268" ordinal="10" offset="85" sl="154" sc="5" el="154" ec="70" bec="2" bev="2" fileid="10" />
                <SequencePoint vc="2" uspid="269" ordinal="11" offset="114" sl="155" sc="6" el="155" ec="19" bec="0" bev="0" fileid="10" />
                <SequencePoint vc="48" uspid="270" ordinal="12" offset="119" sl="157" sc="5" el="157" ec="14" bec="0" bev="0" fileid="10" />
                <SequencePoint vc="48" uspid="271" ordinal="13" offset="123" sl="159" sc="5" el="159" ec="65" bec="2" bev="2" fileid="10" />
                <SequencePoint vc="36" uspid="272" ordinal="14" offset="158" sl="160" sc="6" el="160" ec="14" bec="0" bev="0" fileid="10" />
                <SequencePoint vc="48" uspid="273" ordinal="15" offset="164" sl="161" sc="4" el="161" ec="5" bec="0" bev="0" fileid="10" />
                <SequencePoint vc="62" uspid="274" ordinal="16" offset="165" sl="145" sc="4" el="145" ec="45" bec="2" bev="2" fileid="10" />
                <SequencePoint vc="12" uspid="275" ordinal="17" offset="191" sl="163" sc="4" el="163" ec="23" bec="0" bev="0" fileid="10" />
                <SequencePoint vc="14" uspid="276" ordinal="18" offset="199" sl="164" sc="3" el="164" ec="4" bec="0" bev="0" fileid="10" />
              </SequencePoints>
              <BranchPoints>
                <BranchPoint vc="50" uspid="281" ordinal="4" offset="83" sl="149" path="0" offsetend="85" fileid="10" />
                <BranchPoint vc="82" uspid="282" ordinal="5" offset="83" sl="149" path="1" offsetend="16" fileid="10" />
                <BranchPoint vc="2" uspid="287" ordinal="10" offset="112" sl="154" path="0" offsetend="114" fileid="10" />
                <BranchPoint vc="48" uspid="288" ordinal="11" offset="112" sl="154" path="1" offsetend="119" fileid="10" />
                <BranchPoint vc="36" uspid="293" ordinal="16" offset="156" sl="159" path="0" offsetend="158" fileid="10" />
                <BranchPoint vc="12" uspid="294" ordinal="17" offset="156" sl="159" path="1" offsetend="164" fileid="10" />
                <BranchPoint vc="12" uspid="297" ordinal="20" offset="186" sl="145" path="0" offsetend="191" fileid="10" />
                <BranchPoint vc="50" uspid="298" ordinal="21" offset="186" sl="145" path="1" offsetend="8" fileid="10" />
              </BranchPoints>
[...]
              <Summary numSequencePoints="1" visitedSequencePoints="0" numBranchPoints="1" visitedBranchPoints="0" sequenceCoverage="0" branchCoverage="0" maxCyclomaticComplexity="1" minCyclomaticComplexity="1" visitedClasses="0" numClasses="0" visitedMethods="0" numMethods="1" />
              <MetadataToken>100663385</MetadataToken>
              <Name>System.String System.ComponentModel.DataAnnotations.Resources.DataAnnotationsResources::get_StringLengthAttribute_ValidationErrorIncludingMinimum()</Name>
              <FileRef uid="24" />
              <SequencePoints>
                <SequencePoint vc="0" uspid="741" ordinal="0" offset="0" sl="392" sc="17" el="392" ec="124" bec="0" bev="0" fileid="24" />
              </SequencePoints>
              <BranchPoints />
              <MethodPoint xsi:type="SequencePoint" vc="0" uspid="741" ordinal="0" offset="0" sl="392" sc="17" el="392" ec="124" bec="0" bev="0" fileid="24" />
            </Method>
            <Method visited="false" cyclomaticComplexity="1" nPathComplexity="0" sequenceCoverage="0" branchCoverage="0" isConstructor="false" isStatic="true" isGetter="true" isSetter="false">
              <Summary numSequencePoints="1" visitedSequencePoints="0" numBranchPoints="1" visitedBranchPoints="0" sequenceCoverage="0" branchCoverage="0" maxCyclomaticComplexity="1" minCyclomaticComplexity="1" visitedClasses="0" numClasses="0" visitedMethods="0" numMethods="1" />
              <MetadataToken>100663386</MetadataToken>
              <Name>System.String System.ComponentModel.DataAnnotations.Resources.DataAnnotationsResources::get_UIHintImplementation_ControlParameterKeyIsNotAString()</Name>
              <FileRef uid="24" />
              <SequencePoints>
                <SequencePoint vc="0" uspid="742" ordinal="0" offset="0" sl="401" sc="17" el="401" ec="123" bec="0" bev="0" fileid="24" />
              </SequencePoints>
              <BranchPoints />
              <MethodPoint xsi:type="SequencePoint" vc="0" uspid="742" ordinal="0" offset="0" sl="401" sc="17" el="401" ec="123" bec="0" bev="0" fileid="24" />
            </Method>
            <Method visited="false" cyclomaticComplexity="1" nPathComplexity="0" sequenceCoverage="0" branchCoverage="0" isConstructor="false" isStatic="true" isGetter="true" isSetter="false">
              <Summary numSequencePoints="1" visitedSequencePoints="0" numBranchPoints="1" visitedBranchPoints="0" sequenceCoverage="0" branchCoverage="0" maxCyclomaticComplexity="1" minCyclomaticComplexity="1" visitedClasses="0" numClasses="0" visitedMethods="0" numMethods="1" />
              <MetadataToken>100663387</MetadataToken>
              <Name>System.String System.ComponentModel.DataAnnotations.Resources.DataAnnotationsResources::get_UIHintImplementation_ControlParameterKeyIsNull()</Name>
              <FileRef uid="24" />
              <SequencePoints>
                <SequencePoint vc="0" uspid="743" ordinal="0" offset="0" sl="410" sc="17" el="410" ec="117" bec="0" bev="0" fileid="24" />
              </SequencePoints>
              <BranchPoints />
              <MethodPoint xsi:type="SequencePoint" vc="0" uspid="743" ordinal="0" offset="0" sl="410" sc="17" el="410" ec="117" bec="0" bev="0" fileid="24" />
            </Method>
            <Method visited="false" cyclomaticComplexity="1" nPathComplexity="0" sequenceCoverage="0" branchCoverage="0" isConstructor="false" isStatic="true" isGetter="true" isSetter="false">
              <Summary numSequencePoints="1" visitedSequencePoints="0" numBranchPoints="1" visitedBranchPoints="0" sequenceCoverage="0" branchCoverage="0" maxCyclomaticComplexity="1" minCyclomaticComplexity="1" visitedClasses="0" numClasses="0" visitedMethods="0" numMethods="1" />
              <MetadataToken>100663388</MetadataToken>
              <Name>System.String System.ComponentModel.DataAnnotations.Resources.DataAnnotationsResources::get_UIHintImplementation_ControlParameterKeyOccursMoreThanOnce()</Name>
              <FileRef uid="24" />
              <SequencePoints>
                <SequencePoint vc="0" uspid="744" ordinal="0" offset="0" sl="419" sc="17" el="419" ec="129" bec="0" bev="0" fileid="24" />
              </SequencePoints>
              <BranchPoints />
              <MethodPoint xsi:type="SequencePoint" vc="0" uspid="744" ordinal="0" offset="0" sl="419" sc="17" el="419" ec="129" bec="0" bev="0" fileid="24" />
            </Method>
            <Method visited="false" cyclomaticComplexity="1" nPathComplexity="0" sequenceCoverage="0" branchCoverage="0" isConstructor="false" isStatic="true" isGetter="true" isSetter="false">
              <Summary numSequencePoints="1" visitedSequencePoints="0" numBranchPoints="1" visitedBranchPoints="0" sequenceCoverage="0" branchCoverage="0" maxCyclomaticComplexity="1" minCyclomaticComplexity="1" visitedClasses="0" numClasses="0" visitedMethods="0" numMethods="1" />
              <MetadataToken>100663389</MetadataToken>
              <Name>System.String System.ComponentModel.DataAnnotations.Resources.DataAnnotationsResources::get_UIHintImplementation_NeedEvenNumberOfControlParameters()</Name>
              <FileRef uid="24" />
              <SequencePoints>
                <SequencePoint vc="0" uspid="745" ordinal="0" offset="0" sl="428" sc="17" el="428" ec="125" bec="0" bev="0" fileid="24" />
              </SequencePoints>
              <BranchPoints />
              <MethodPoint xsi:type="SequencePoint" vc="0" uspid="745" ordinal="0" offset="0" sl="428" sc="17" el="428" ec="125" bec="0" bev="0" fileid="24" />
            </Method>
            <Method visited="false" cyclomaticComplexity="1" nPathComplexity="0" sequenceCoverage="0" branchCoverage="0" isConstructor="false" isStatic="true" isGetter="true" isSetter="false">
              <Summary numSequencePoints="1" visitedSequencePoints="0" numBranchPoints="1" visitedBranchPoints="0" sequenceCoverage="0" branchCoverage="0" maxCyclomaticComplexity="1" minCyclomaticComplexity="1" visitedClasses="0" numClasses="0" visitedMethods="0" numMethods="1" />
              <MetadataToken>100663390</MetadataToken>
              <Name>System.String System.ComponentModel.DataAnnotations.Resources.DataAnnotationsResources::get_UrlAttribute_Invalid()</Name>
              <FileRef uid="24" />
              <SequencePoints>
                <SequencePoint vc="0" uspid="746" ordinal="0" offset="0" sl="437" sc="17" el="437" ec="91" bec="0" bev="0" fileid="24" />
              </SequencePoints>
              <BranchPoints />
              <MethodPoint xsi:type="SequencePoint" vc="0" uspid="746" ordinal="0" offset="0" sl="437" sc="17" el="437" ec="91" bec="0" bev="0" fileid="24" />
            </Method>
            <Method visited="false" cyclomaticComplexity="1" nPathComplexity="0" sequenceCoverage="0" branchCoverage="0" isConstructor="false" isStatic="true" isGetter="true" isSetter="false">
              <Summary numSequencePoints="1" visitedSequencePoints="0" numBranchPoints="1" visitedBranchPoints="0" sequenceCoverage="0" branchCoverage="0" maxCyclomaticComplexity="1" minCyclomaticComplexity="1" visitedClasses="0" numClasses="0" visitedMethods="0" numMethods="1" />
              <MetadataToken>100663391</MetadataToken>
              <Name>System.String System.ComponentModel.DataAnnotations.Resources.DataAnnotationsResources::get_ValidationAttribute_Cannot_Set_ErrorMessage_And_Resource()</Name>
              <FileRef uid="24" />
              <SequencePoints>
                <SequencePoint vc="0" uspid="747" ordinal="0" offset="0" sl="446" sc="17" el="446" ec="127" bec="0" bev="0" fileid="24" />
              </SequencePoints>
              <BranchPoints />
              <MethodPoint xsi:type="SequencePoint" vc="0" uspid="747" ordinal="0" offset="0" sl="446" sc="17" el="446" ec="127" bec="0" bev="0" fileid="24" />
            </Method>
            <Method visited="false" cyclomaticComplexity="1" nPathComplexity="0" sequenceCoverage="0" branchCoverage="0" isConstructor="false" isStatic="true" isGetter="true" isSetter="false">
              <Summary numSequencePoints="1" visitedSequencePoints="0" numBranchPoints="1" visitedBranchPoints="0" sequenceCoverage="0" branchCoverage="0" maxCyclomaticComplexity="1" minCyclomaticComplexity="1" visitedClasses="0" numClasses="0" visitedMethods="0" numMethods="1" />
              <MetadataToken>100663392</MetadataToken>
              <Name>System.String System.ComponentModel.DataAnnotations.Resources.DataAnnotationsResources::get_ValidationAttribute_IsValid_NotImplemented()</Name>
              <FileRef uid="24" />
              <SequencePoints>
                <SequencePoint vc="0" uspid="748" ordinal="0" offset="0" sl="455" sc="17" el="455" ec="113" bec="0" bev="0" fileid="24" />
              </SequencePoints>
              <BranchPoints />
              <MethodPoint xsi:type="SequencePoint" vc="0" uspid="748" ordinal="0" offset="0" sl="455" sc="17" el="455" ec="113" bec="0" bev="0" fileid="24" />
            </Method>
            <Method visited="false" cyclomaticComplexity="1" nPathComplexity="0" sequenceCoverage="0" branchCoverage="0" isConstructor="false" isStatic="true" isGetter="true" isSetter="false">
              <Summary numSequencePoints="1" visitedSequencePoints="0" numBranchPoints="1" visitedBranchPoints="0" sequenceCoverage="0" branchCoverage="0" maxCyclomaticComplexity="1" minCyclomaticComplexity="1" visitedClasses="0" numClasses="0" visitedMethods="0" numMethods="1" />
              <MetadataToken>100663393</MetadataToken>
              <Name>System.String System.ComponentModel.DataAnnotations.Resources.DataAnnotationsResources::get_ValidationAttribute_NeedBothResourceTypeAndResourceName()</Name>
              <FileRef uid="24" />
              <SequencePoints>
                <SequencePoint vc="0" uspid="749" ordinal="0" offset="0" sl="464" sc="17" el="464" ec="126" bec="0" bev="0" fileid="24" />
              </SequencePoints>
              <BranchPoints />
              <MethodPoint xsi:type="SequencePoint" vc="0" uspid="749" ordinal="0" offset="0" sl="464" sc="17" el="464" ec="126" bec="0" bev="0" fileid="24" />
            </Method>
            <Method visited="false" cyclomaticComplexity="1" nPathComplexity="0" sequenceCoverage="0" branchCoverage="0" isConstructor="false" isStatic="true" isGetter="true" isSetter="false">
              <Summary numSequencePoints="1" visitedSequencePoints="0" numBranchPoints="1" visitedBranchPoints="0" sequenceCoverage="0" branchCoverage="0" maxCyclomaticComplexity="1" minCyclomaticComplexity="1" visitedClasses="0" numClasses="0" visitedMethods="0" numMethods="1" />
              <MetadataToken>100663394</MetadataToken>
              <Name>System.String System.ComponentModel.DataAnnotations.Resources.DataAnnotationsResources::get_ValidationAttribute_ResourcePropertyNotStringType()</Name>
              <FileRef uid="24" />
              <SequencePoints>
                <SequencePoint vc="0" uspid="750" ordinal="0" offset="0" sl="473" sc="17" el="473" ec="120" bec="0" bev="0" fileid="24" />
              </SequencePoints>
              <BranchPoints />
              <MethodPoint xsi:type="SequencePoint" vc="0" uspid="750" ordinal="0" offset="0" sl="473" sc="17" el="473" ec="120" bec="0" bev="0" fileid="24" />
            </Method>
            <Method visited="false" cyclomaticComplexity="1" nPathComplexity="0" sequenceCoverage="0" branchCoverage="0" isConstructor="false" isStatic="true" isGetter="true" isSetter="false">
              <Summary numSequencePoints="1" visitedSequencePoints="0" numBranchPoints="1" visitedBranchPoints="0" sequenceCoverage="0" branchCoverage="0" maxCyclomaticComplexity="1" minCyclomaticComplexity="1" visitedClasses="0" numClasses="0" visitedMethods="0" numMethods="1" />
              <MetadataToken>100663395</MetadataToken>
              <Name>System.String System.ComponentModel.DataAnnotations.Resources.DataAnnotationsResources::get_ValidationAttribute_ResourceTypeDoesNotHaveProperty()</Name>
              <FileRef uid="24" />
              <SequencePoints>
                <SequencePoint vc="0" uspid="751" ordinal="0" offset="0" sl="482" sc="17" el="482" ec="122" bec="0" bev="0" fileid="24" />
              </SequencePoints>
              <BranchPoints />
              <MethodPoint xsi:type="SequencePoint" vc="0" uspid="751" ordinal="0" offset="0" sl="482" sc="17" el="482" ec="122" bec="0" bev="0" fileid="24" />
            </Method>
            <Method visited="false" cyclomaticComplexity="1" nPathComplexity="0" sequenceCoverage="0" branchCoverage="0" isConstructor="false" isStatic="true" isGetter="true" isSetter="false">
              <Summary numSequencePoints="1" visitedSequencePoints="0" numBranchPoints="1" visitedBranchPoints="0" sequenceCoverage="0" branchCoverage="0" maxCyclomaticComplexity="1" minCyclomaticComplexity="1" visitedClasses="0" numClasses="0" visitedMethods="0" numMethods="1" />
              <MetadataToken>100663396</MetadataToken>
              <Name>System.String System.ComponentModel.DataAnnotations.Resources.DataAnnotationsResources::get_ValidationAttribute_ValidationError()</Name>
              <FileRef uid="24" />
              <SequencePoints>
                <SequencePoint vc="0" uspid="752" ordinal="0" offset="0" sl="491" sc="17" el="491" ec="106" bec="0" bev="0" fileid="24" />
              </SequencePoints>
              <BranchPoints />
              <MethodPoint xsi:type="SequencePoint" vc="0" uspid="752" ordinal="0" offset="0" sl="491" sc="17" el="491" ec="106" bec="0" bev="0" fileid="24" />
            </Method>
            <Method visited="false" cyclomaticComplexity="1" nPathComplexity="0" sequenceCoverage="0" branchCoverage="0" isConstructor="false" isStatic="true" isGetter="true" isSetter="false">
              <Summary numSequencePoints="1" visitedSequencePoints="0" numBranchPoints="1" visitedBranchPoints="0" sequenceCoverage="0" branchCoverage="0" maxCyclomaticComplexity="1" minCyclomaticComplexity="1" visitedClasses="0" numClasses="0" visitedMethods="0" numMethods="1" />
              <MetadataToken>100663397</MetadataToken>
              <Name>System.String System.ComponentModel.DataAnnotations.Resources.DataAnnotationsResources::get_ValidationContext_Must_Be_Method()</Name>
              <FileRef uid="24" />
              <SequencePoints>
                <SequencePoint vc="0" uspid="753" ordinal="0" offset="0" sl="500" sc="17" el="500" ec="103" bec="0" bev="0" fileid="24" />
              </SequencePoints>
              <BranchPoints />
              <MethodPoint xsi:type="SequencePoint" vc="0" uspid="753" ordinal="0" offset="0" sl="500" sc="17" el="500" ec="103" bec="0" bev="0" fileid="24" />
            </Method>
            <Method visited="false" cyclomaticComplexity="1" nPathComplexity="0" sequenceCoverage="0" branchCoverage="0" isConstructor="false" isStatic="true" isGetter="true" isSetter="false">
              <Summary numSequencePoints="1" visitedSequencePoints="0" numBranchPoints="1" visitedBranchPoints="0" sequenceCoverage="0" branchCoverage="0" maxCyclomaticComplexity="1" minCyclomaticComplexity="1" visitedClasses="0" numClasses="0" visitedMethods="0" numMethods="1" />
              <MetadataToken>100663398</MetadataToken>
              <Name>System.String System.ComponentModel.DataAnnotations.Resources.DataAnnotationsResources::get_ValidationContextServiceContainer_ItemAlreadyExists()</Name>
              <FileRef uid="24" />
              <SequencePoints>
                <SequencePoint vc="0" uspid="754" ordinal="0" offset="0" sl="509" sc="17" el="509" ec="122" bec="0" bev="0" fileid="24" />
              </SequencePoints>
              <BranchPoints />
              <MethodPoint xsi:type="SequencePoint" vc="0" uspid="754" ordinal="0" offset="0" sl="509" sc="17" el="509" ec="122" bec="0" bev="0" fileid="24" />
            </Method>
            <Method visited="false" cyclomaticComplexity="1" nPathComplexity="0" sequenceCoverage="0" branchCoverage="0" isConstructor="false" isStatic="true" isGetter="true" isSetter="false">
              <Summary numSequencePoints="1" visitedSequencePoints="0" numBranchPoints="1" visitedBranchPoints="0" sequenceCoverage="0" branchCoverage="0" maxCyclomaticComplexity="1" minCyclomaticComplexity="1" visitedClasses="0" numClasses="0" visitedMethods="0" numMethods="1" />
              <MetadataToken>100663399</MetadataToken>
              <Name>System.String System.ComponentModel.DataAnnotations.Resources.DataAnnotationsResources::get_Validator_InstanceMustMatchValidationContextInstance()</Name>
              <FileRef uid="24" />
              <SequencePoints>
                <SequencePoint vc="0" uspid="755" ordinal="0" offset="0" sl="518" sc="17" el="518" ec="123" bec="0" bev="0" fileid="24" />
              </SequencePoints>
              <BranchPoints />
              <MethodPoint xsi:type="SequencePoint" vc="0" uspid="755" ordinal="0" offset="0" sl="518" sc="17" el="518" ec="123" bec="0" bev="0" fileid="24" />
            </Method>
            <Method visited="false" cyclomaticComplexity="1" nPathComplexity="0" sequenceCoverage="0" branchCoverage="0" isConstructor="false" isStatic="true" isGetter="true" isSetter="false">
              <Summary numSequencePoints="1" visitedSequencePoints="0" numBranchPoints="1" visitedBranchPoints="0" sequenceCoverage="0" branchCoverage="0" maxCyclomaticComplexity="1" minCyclomaticComplexity="1" visitedClasses="0" numClasses="0" visitedMethods="0" numMethods="1" />
              <MetadataToken>100663400</MetadataToken>
              <Name>System.String System.ComponentModel.DataAnnotations.Resources.DataAnnotationsResources::get_Validator_Property_Value_Wrong_Type()</Name>
              <FileRef uid="24" />
              <SequencePoints>
                <SequencePoint vc="0" uspid="756" ordinal="0" offset="0" sl="527" sc="17" el="527" ec="106" bec="0" bev="0" fileid="24" />
              </SequencePoints>
              <BranchPoints />
              <MethodPoint xsi:type="SequencePoint" vc="0" uspid="756" ordinal="0" offset="0" sl="527" sc="17" el="527" ec="106" bec="0" bev="0" fileid="24" />
            </Method>
            <Method visited="false" cyclomaticComplexity="1" nPathComplexity="0" sequenceCoverage="0" branchCoverage="0" isConstructor="true" isStatic="false" isGetter="false" isSetter="false">
              <Summary numSequencePoints="2" visitedSequencePoints="0" numBranchPoints="1" visitedBranchPoints="0" sequenceCoverage="0" branchCoverage="0" maxCyclomaticComplexity="1" minCyclomaticComplexity="1" visitedClasses="0" numClasses="0" visitedMethods="0" numMethods="1" />
              <MetadataToken>100663345</MetadataToken>
              <Name>System.Void System.ComponentModel.DataAnnotations.Resources.DataAnnotationsResources::.ctor()</Name>
              <FileRef uid="24" />
              <SequencePoints>
                <SequencePoint vc="0" uspid="757" ordinal="0" offset="0" sl="31" sc="9" el="32" ec="44" bec="0" bev="0" fileid="24" />
                <SequencePoint vc="0" uspid="758" ordinal="1" offset="6" sl="33" sc="9" el="33" ec="10" bec="0" bev="0" fileid="24" />
              </SequencePoints>
              <BranchPoints />
              <MethodPoint xsi:type="SequencePoint" vc="0" uspid="757" ordinal="0" offset="0" sl="31" sc="9" el="32" ec="44" bec="0" bev="0" fileid="24" />
            </Method>
          </Methods>
        </Class>
      </Classes>
    </Module>
    <Module skippedDueTo="Filter" hash="29-13-98-90-EC-61-0F-87-54-34-05-70-5E-31-68-3A-4E-0B-84-83">
      <ModulePath>C:\Windows\Microsoft.Net\assembly\GAC_MSIL\mscorlib.resources\v4.0_4.0.0.0_hu_b77a5c561934e089\mscorlib.resources.dll</ModulePath>
      <ModuleTime>2017-04-22T12:21:49.3849662Z</ModuleTime>
      <ModuleName>mscorlib.resources</ModuleName>
      <Classes />
    </Module>
  </Modules>
</CoverageSession>